This file contains any messages produced by compilers while
running configure, to aid debugging if configure makes a mistake.

It was created by gngeo configure 0.8, which was
generated by GNU Autoconf 2.69.  Invocation command line was

  $ ./configure --build=i686-pc-linux-gnu --host=arm --with-sdl-prefix=/opt/trimui-toolchain/arm-buildroot-linux-gnueabi/sysroot/usr CFLAGS=-I/opt/trimui-toolchain/arm-buildroot-linux-gnueabi/sysroot/usr/include

## --------- ##
## Platform. ##
## --------- ##

hostname = 9184682e46d7
uname -m = x86_64
uname -r = 5.8.0-59-generic
uname -s = Linux
uname -v = #66~20.04.1-Ubuntu SMP Thu Jun 17 11:14:10 UTC 2021

/usr/bin/uname -p = unknown
/bin/uname -X     = unknown

/bin/arch              = unknown
/usr/bin/arch -k       = unknown
/usr/convex/getsysinfo = unknown
/usr/bin/hostinfo      = unknown
/bin/machine           = unknown
/usr/bin/oslevel       = unknown
/bin/universe          = unknown

PATH: /usr/local/sbin
PATH: /usr/local/bin
PATH: /usr/sbin
PATH: /usr/bin
PATH: /sbin
PATH: /bin


## ----------- ##
## Core tests. ##
## ----------- ##

configure:2264: checking build system type
configure:2278: result: i686-pc-linux-gnu
configure:2298: checking host system type
configure:2311: result: arm-unknown-none
configure:2331: checking target system type
configure:2344: result: arm-unknown-none
configure:2390: checking for a BSD-compatible install
configure:2458: result: /usr/bin/install -c
configure:2469: checking whether build environment is sane
configure:2519: result: yes
configure:2568: checking for arm-strip
configure:2598: result: no
configure:2608: checking for strip
configure:2624: found /usr/bin/strip
configure:2635: result: strip
configure:2647: WARNING: using cross tools not prefixed with host triplet
configure:2660: checking for a thread-safe mkdir -p
configure:2699: result: /bin/mkdir -p
configure:2712: checking for gawk
configure:2742: result: no
configure:2712: checking for mawk
configure:2728: found /usr/bin/mawk
configure:2739: result: mawk
configure:2750: checking whether make sets $(MAKE)
configure:2772: result: yes
configure:2801: checking whether make supports nested variables
configure:2818: result: yes
configure:2902: checking whether make supports nested variables
configure:2919: result: yes
configure:2947: checking for arm-gcc
configure:2977: result: no
configure:2987: checking for gcc
configure:3003: found /usr/bin/gcc
configure:3014: result: gcc
configure:3243: checking for C compiler version
configure:3252: gcc --version >&5
gcc (Ubuntu 5.4.0-6ubuntu1~16.04.12) 5.4.0 20160609
Copyright (C) 2015 Free Software Foundation, Inc.
This is free software; see the source for copying conditions.  There is NO
warranty; not even for MERCHANTABILITY or FITNESS FOR A PARTICULAR PURPOSE.

configure:3263: $? = 0
configure:3252: gcc -v >&5
Using built-in specs.
COLLECT_GCC=gcc
COLLECT_LTO_WRAPPER=/usr/lib/gcc/x86_64-linux-gnu/5/lto-wrapper
Target: x86_64-linux-gnu
Configured with: ../src/configure -v --with-pkgversion='Ubuntu 5.4.0-6ubuntu1~16.04.12' --with-bugurl=file:///usr/share/doc/gcc-5/README.Bugs --enable-languages=c,ada,c++,java,go,d,fortran,objc,obj-c++ --prefix=/usr --program-suffix=-5 --enable-shared --enable-linker-build-id --libexecdir=/usr/lib --without-included-gettext --enable-threads=posix --libdir=/usr/lib --enable-nls --with-sysroot=/ --enable-clocale=gnu --enable-libstdcxx-debug --enable-libstdcxx-time=yes --with-default-libstdcxx-abi=new --enable-gnu-unique-object --disable-vtable-verify --enable-libmpx --enable-plugin --with-system-zlib --disable-browser-plugin --enable-java-awt=gtk --enable-gtk-cairo --with-java-home=/usr/lib/jvm/java-1.5.0-gcj-5-amd64/jre --enable-java-home --with-jvm-root-dir=/usr/lib/jvm/java-1.5.0-gcj-5-amd64 --with-jvm-jar-dir=/usr/lib/jvm-exports/java-1.5.0-gcj-5-amd64 --with-arch-directory=amd64 --with-ecj-jar=/usr/share/java/eclipse-ecj.jar --enable-objc-gc --enable-multiarch --disable-werror --with-arch-32=i686 --with-abi=m64 --with-multilib-list=m32,m64,mx32 --enable-multilib --with-tune=generic --enable-checking=release --build=x86_64-linux-gnu --host=x86_64-linux-gnu --target=x86_64-linux-gnu
Thread model: posix
gcc version 5.4.0 20160609 (Ubuntu 5.4.0-6ubuntu1~16.04.12) 
configure:3263: $? = 0
configure:3252: gcc -V >&5
gcc: error: unrecognized command line option '-V'
gcc: fatal error: no input files
compilation terminated.
configure:3263: $? = 1
configure:3252: gcc -qversion >&5
gcc: error: unrecognized command line option '-qversion'
gcc: fatal error: no input files
compilation terminated.
configure:3263: $? = 1
configure:3283: checking whether the C compiler works
configure:3305: gcc -I/opt/trimui-toolchain/arm-buildroot-linux-gnueabi/sysroot/usr/include   conftest.c  >&5
configure:3309: $? = 0
configure:3357: result: yes
configure:3360: checking for C compiler default output file name
configure:3362: result: a.out
configure:3368: checking for suffix of executables
configure:3375: gcc -o conftest -I/opt/trimui-toolchain/arm-buildroot-linux-gnueabi/sysroot/usr/include   conftest.c  >&5
configure:3379: $? = 0
configure:3401: result: 
configure:3423: checking whether we are cross compiling
configure:3461: result: yes
configure:3466: checking for suffix of object files
configure:3488: gcc -c -I/opt/trimui-toolchain/arm-buildroot-linux-gnueabi/sysroot/usr/include  conftest.c >&5
configure:3492: $? = 0
configure:3513: result: o
configure:3517: checking whether we are using the GNU C compiler
configure:3536: gcc -c -I/opt/trimui-toolchain/arm-buildroot-linux-gnueabi/sysroot/usr/include  conftest.c >&5
configure:3536: $? = 0
configure:3545: result: yes
configure:3554: checking whether gcc accepts -g
configure:3574: gcc -c -g  conftest.c >&5
configure:3574: $? = 0
configure:3615: result: yes
configure:3632: checking for gcc option to accept ISO C89
configure:3695: gcc  -c -I/opt/trimui-toolchain/arm-buildroot-linux-gnueabi/sysroot/usr/include  conftest.c >&5
configure:3695: $? = 0
configure:3708: result: none needed
configure:3739: checking for style of include used by make
configure:3767: result: GNU
configure:3793: checking dependency style of gcc
configure:3904: result: gcc3
configure:3922: checking for arm-ranlib
configure:3952: result: no
configure:3962: checking for ranlib
configure:3978: found /usr/bin/ranlib
configure:3989: result: ranlib
configure:4020: checking dependency style of gcc
configure:4129: result: gcc3
configure:4293: checking for sdl-config
configure:4324: result: /opt/trimui-toolchain/arm-buildroot-linux-gnueabi/sysroot/usr/bin/sdl-config
configure:4334: checking for SDL - version >= 1.2.0
configure:4436: result: yes
configure:4570: checking for acos in -lm
configure:4595: gcc -o conftest -I/opt/trimui-toolchain/arm-buildroot-linux-gnueabi/sysroot/usr/include -I/opt/trimui-toolchain/arm-buildroot-linux-gnueabi/sysroot/usr/include/SDL -D_GNU_SOURCE=1 -D_REENTRANT   conftest.c -lm   -L/opt/trimui-toolchain/arm-buildroot-linux-gnueabi/sysroot/usr/lib -lSDL -lpthread >&5
conftest.c:18:6: warning: conflicting types for built-in function 'acos'
 char acos ();
      ^
/usr/bin/ld: skipping incompatible /opt/trimui-toolchain/arm-buildroot-linux-gnueabi/sysroot/usr/lib/libm.so when searching for -lm
/usr/bin/ld: skipping incompatible /opt/trimui-toolchain/arm-buildroot-linux-gnueabi/sysroot/usr/lib/libm.a when searching for -lm
/usr/bin/ld: skipping incompatible /opt/trimui-toolchain/arm-buildroot-linux-gnueabi/sysroot/usr/lib/libSDL.so when searching for -lSDL
/usr/bin/ld: skipping incompatible /opt/trimui-toolchain/arm-buildroot-linux-gnueabi/sysroot/usr/lib/libSDL.a when searching for -lSDL
/usr/bin/ld: cannot find -lSDL
/usr/bin/ld: skipping incompatible /opt/trimui-toolchain/arm-buildroot-linux-gnueabi/sysroot/usr/lib/libpthread.so when searching for -lpthread
/usr/bin/ld: skipping incompatible /opt/trimui-toolchain/arm-buildroot-linux-gnueabi/sysroot/usr/lib/libpthread.a when searching for -lpthread
collect2: error: ld returned 1 exit status
configure:4595: $? = 1
configure: failed program was:
| /* confdefs.h */
| #define PACKAGE_NAME "gngeo"
| #define PACKAGE_TARNAME "gngeo"
| #define PACKAGE_VERSION "0.8"
| #define PACKAGE_STRING "gngeo 0.8"
| #define PACKAGE_BUGREPORT ""
| #define PACKAGE_URL ""
| #define PACKAGE "gngeo"
| #define VERSION "0.8"
| /* end confdefs.h.  */
| 
| /* Override any GCC internal prototype to avoid an error.
|    Use char because int might match the return type of a GCC
|    builtin and then its argument prototype would still apply.  */
| #ifdef __cplusplus
| extern "C"
| #endif
| char acos ();
| int
| main ()
| {
| return acos ();
|   ;
|   return 0;
| }
configure:4604: result: no
configure:4615: checking for inflate in -lz
configure:4640: gcc -o conftest -I/opt/trimui-toolchain/arm-buildroot-linux-gnueabi/sysroot/usr/include -I/opt/trimui-toolchain/arm-buildroot-linux-gnueabi/sysroot/usr/include/SDL -D_GNU_SOURCE=1 -D_REENTRANT   conftest.c -lz   -L/opt/trimui-toolchain/arm-buildroot-linux-gnueabi/sysroot/usr/lib -lSDL -lpthread >&5
/usr/bin/ld: skipping incompatible /opt/trimui-toolchain/arm-buildroot-linux-gnueabi/sysroot/usr/lib/libz.so when searching for -lz
/usr/bin/ld: skipping incompatible /opt/trimui-toolchain/arm-buildroot-linux-gnueabi/sysroot/usr/lib/libz.a when searching for -lz
/usr/bin/ld: cannot find -lz
/usr/bin/ld: skipping incompatible /opt/trimui-toolchain/arm-buildroot-linux-gnueabi/sysroot/usr/lib/libSDL.so when searching for -lSDL
/usr/bin/ld: skipping incompatible /opt/trimui-toolchain/arm-buildroot-linux-gnueabi/sysroot/usr/lib/libSDL.a when searching for -lSDL
/usr/bin/ld: cannot find -lSDL
/usr/bin/ld: skipping incompatible /opt/trimui-toolchain/arm-buildroot-linux-gnueabi/sysroot/usr/lib/libpthread.so when searching for -lpthread
/usr/bin/ld: skipping incompatible /opt/trimui-toolchain/arm-buildroot-linux-gnueabi/sysroot/usr/lib/libpthread.a when searching for -lpthread
collect2: error: ld returned 1 exit status
configure:4640: $? = 1
configure: failed program was:
| /* confdefs.h */
| #define PACKAGE_NAME "gngeo"
| #define PACKAGE_TARNAME "gngeo"
| #define PACKAGE_VERSION "0.8"
| #define PACKAGE_STRING "gngeo 0.8"
| #define PACKAGE_BUGREPORT ""
| #define PACKAGE_URL ""
| #define PACKAGE "gngeo"
| #define VERSION "0.8"
| /* end confdefs.h.  */
| 
| /* Override any GCC internal prototype to avoid an error.
|    Use char because int might match the return type of a GCC
|    builtin and then its argument prototype would still apply.  */
| #ifdef __cplusplus
| extern "C"
| #endif
| char inflate ();
| int
| main ()
| {
| return inflate ();
|   ;
|   return 0;
| }
configure:4649: result: no
configure:4664: checking for getopt_long
configure:4664: gcc -o conftest -I/opt/trimui-toolchain/arm-buildroot-linux-gnueabi/sysroot/usr/include -I/opt/trimui-toolchain/arm-buildroot-linux-gnueabi/sysroot/usr/include/SDL -D_GNU_SOURCE=1 -D_REENTRANT   conftest.c  -L/opt/trimui-toolchain/arm-buildroot-linux-gnueabi/sysroot/usr/lib -lSDL -lpthread >&5
/usr/bin/ld: skipping incompatible /opt/trimui-toolchain/arm-buildroot-linux-gnueabi/sysroot/usr/lib/libSDL.so when searching for -lSDL
/usr/bin/ld: skipping incompatible /opt/trimui-toolchain/arm-buildroot-linux-gnueabi/sysroot/usr/lib/libSDL.a when searching for -lSDL
/usr/bin/ld: cannot find -lSDL
/usr/bin/ld: skipping incompatible /opt/trimui-toolchain/arm-buildroot-linux-gnueabi/sysroot/usr/lib/libpthread.so when searching for -lpthread
/usr/bin/ld: skipping incompatible /opt/trimui-toolchain/arm-buildroot-linux-gnueabi/sysroot/usr/lib/libpthread.a when searching for -lpthread
collect2: error: ld returned 1 exit status
configure:4664: $? = 1
configure: failed program was:
| /* confdefs.h */
| #define PACKAGE_NAME "gngeo"
| #define PACKAGE_TARNAME "gngeo"
| #define PACKAGE_VERSION "0.8"
| #define PACKAGE_STRING "gngeo 0.8"
| #define PACKAGE_BUGREPORT ""
| #define PACKAGE_URL ""
| #define PACKAGE "gngeo"
| #define VERSION "0.8"
| /* end confdefs.h.  */
| /* Define getopt_long to an innocuous variant, in case <limits.h> declares getopt_long.
|    For example, HP-UX 11i <limits.h> declares gettimeofday.  */
| #define getopt_long innocuous_getopt_long
| 
| /* System header to define __stub macros and hopefully few prototypes,
|     which can conflict with char getopt_long (); below.
|     Prefer <limits.h> to <assert.h> if __STDC__ is defined, since
|     <limits.h> exists even on freestanding compilers.  */
| 
| #ifdef __STDC__
| # include <limits.h>
| #else
| # include <assert.h>
| #endif
| 
| #undef getopt_long
| 
| /* Override any GCC internal prototype to avoid an error.
|    Use char because int might match the return type of a GCC
|    builtin and then its argument prototype would still apply.  */
| #ifdef __cplusplus
| extern "C"
| #endif
| char getopt_long ();
| /* The GNU C library defines this for functions which it implements
|     to always fail with ENOSYS.  Some functions are actually named
|     something starting with __ and the normal name is an alias.  */
| #if defined __stub_getopt_long || defined __stub___getopt_long
| choke me
| #endif
| 
| int
| main ()
| {
| return getopt_long ();
|   ;
|   return 0;
| }
configure:4664: result: no
configure:4687: checking for scandir
configure:4687: gcc -o conftest -I/opt/trimui-toolchain/arm-buildroot-linux-gnueabi/sysroot/usr/include -I/opt/trimui-toolchain/arm-buildroot-linux-gnueabi/sysroot/usr/include/SDL -D_GNU_SOURCE=1 -D_REENTRANT   conftest.c  -L/opt/trimui-toolchain/arm-buildroot-linux-gnueabi/sysroot/usr/lib -lSDL -lpthread >&5
/usr/bin/ld: skipping incompatible /opt/trimui-toolchain/arm-buildroot-linux-gnueabi/sysroot/usr/lib/libSDL.so when searching for -lSDL
/usr/bin/ld: skipping incompatible /opt/trimui-toolchain/arm-buildroot-linux-gnueabi/sysroot/usr/lib/libSDL.a when searching for -lSDL
/usr/bin/ld: cannot find -lSDL
/usr/bin/ld: skipping incompatible /opt/trimui-toolchain/arm-buildroot-linux-gnueabi/sysroot/usr/lib/libpthread.so when searching for -lpthread
/usr/bin/ld: skipping incompatible /opt/trimui-toolchain/arm-buildroot-linux-gnueabi/sysroot/usr/lib/libpthread.a when searching for -lpthread
collect2: error: ld returned 1 exit status
configure:4687: $? = 1
configure: failed program was:
| /* confdefs.h */
| #define PACKAGE_NAME "gngeo"
| #define PACKAGE_TARNAME "gngeo"
| #define PACKAGE_VERSION "0.8"
| #define PACKAGE_STRING "gngeo 0.8"
| #define PACKAGE_BUGREPORT ""
| #define PACKAGE_URL ""
| #define PACKAGE "gngeo"
| #define VERSION "0.8"
| /* end confdefs.h.  */
| /* Define scandir to an innocuous variant, in case <limits.h> declares scandir.
|    For example, HP-UX 11i <limits.h> declares gettimeofday.  */
| #define scandir innocuous_scandir
| 
| /* System header to define __stub macros and hopefully few prototypes,
|     which can conflict with char scandir (); below.
|     Prefer <limits.h> to <assert.h> if __STDC__ is defined, since
|     <limits.h> exists even on freestanding compilers.  */
| 
| #ifdef __STDC__
| # include <limits.h>
| #else
| # include <assert.h>
| #endif
| 
| #undef scandir
| 
| /* Override any GCC internal prototype to avoid an error.
|    Use char because int might match the return type of a GCC
|    builtin and then its argument prototype would still apply.  */
| #ifdef __cplusplus
| extern "C"
| #endif
| char scandir ();
| /* The GNU C library defines this for functions which it implements
|     to always fail with ENOSYS.  Some functions are actually named
|     something starting with __ and the normal name is an alias.  */
| #if defined __stub_scandir || defined __stub___scandir
| choke me
| #endif
| 
| int
| main ()
| {
| return scandir ();
|   ;
|   return 0;
| }
configure:4687: result: no
configure:4698: checking for basename
configure:4698: gcc -o conftest -I/opt/trimui-toolchain/arm-buildroot-linux-gnueabi/sysroot/usr/include -I/opt/trimui-toolchain/arm-buildroot-linux-gnueabi/sysroot/usr/include/SDL -D_GNU_SOURCE=1 -D_REENTRANT   conftest.c  -L/opt/trimui-toolchain/arm-buildroot-linux-gnueabi/sysroot/usr/lib -lSDL -lpthread >&5
/usr/bin/ld: skipping incompatible /opt/trimui-toolchain/arm-buildroot-linux-gnueabi/sysroot/usr/lib/libSDL.so when searching for -lSDL
/usr/bin/ld: skipping incompatible /opt/trimui-toolchain/arm-buildroot-linux-gnueabi/sysroot/usr/lib/libSDL.a when searching for -lSDL
/usr/bin/ld: cannot find -lSDL
/usr/bin/ld: skipping incompatible /opt/trimui-toolchain/arm-buildroot-linux-gnueabi/sysroot/usr/lib/libpthread.so when searching for -lpthread
/usr/bin/ld: skipping incompatible /opt/trimui-toolchain/arm-buildroot-linux-gnueabi/sysroot/usr/lib/libpthread.a when searching for -lpthread
collect2: error: ld returned 1 exit status
configure:4698: $? = 1
configure: failed program was:
| /* confdefs.h */
| #define PACKAGE_NAME "gngeo"
| #define PACKAGE_TARNAME "gngeo"
| #define PACKAGE_VERSION "0.8"
| #define PACKAGE_STRING "gngeo 0.8"
| #define PACKAGE_BUGREPORT ""
| #define PACKAGE_URL ""
| #define PACKAGE "gngeo"
| #define VERSION "0.8"
| /* end confdefs.h.  */
| /* Define basename to an innocuous variant, in case <limits.h> declares basename.
|    For example, HP-UX 11i <limits.h> declares gettimeofday.  */
| #define basename innocuous_basename
| 
| /* System header to define __stub macros and hopefully few prototypes,
|     which can conflict with char basename (); below.
|     Prefer <limits.h> to <assert.h> if __STDC__ is defined, since
|     <limits.h> exists even on freestanding compilers.  */
| 
| #ifdef __STDC__
| # include <limits.h>
| #else
| # include <assert.h>
| #endif
| 
| #undef basename
| 
| /* Override any GCC internal prototype to avoid an error.
|    Use char because int might match the return type of a GCC
|    builtin and then its argument prototype would still apply.  */
| #ifdef __cplusplus
| extern "C"
| #endif
| char basename ();
| /* The GNU C library defines this for functions which it implements
|     to always fail with ENOSYS.  Some functions are actually named
|     something starting with __ and the normal name is an alias.  */
| #if defined __stub_basename || defined __stub___basename
| choke me
| #endif
| 
| int
| main ()
| {
| return basename ();
|   ;
|   return 0;
| }
configure:4698: result: no
configure:4709: checking for mmap
configure:4709: gcc -o conftest -I/opt/trimui-toolchain/arm-buildroot-linux-gnueabi/sysroot/usr/include -I/opt/trimui-toolchain/arm-buildroot-linux-gnueabi/sysroot/usr/include/SDL -D_GNU_SOURCE=1 -D_REENTRANT   conftest.c  -L/opt/trimui-toolchain/arm-buildroot-linux-gnueabi/sysroot/usr/lib -lSDL -lpthread >&5
/usr/bin/ld: skipping incompatible /opt/trimui-toolchain/arm-buildroot-linux-gnueabi/sysroot/usr/lib/libSDL.so when searching for -lSDL
/usr/bin/ld: skipping incompatible /opt/trimui-toolchain/arm-buildroot-linux-gnueabi/sysroot/usr/lib/libSDL.a when searching for -lSDL
/usr/bin/ld: cannot find -lSDL
/usr/bin/ld: skipping incompatible /opt/trimui-toolchain/arm-buildroot-linux-gnueabi/sysroot/usr/lib/libpthread.so when searching for -lpthread
/usr/bin/ld: skipping incompatible /opt/trimui-toolchain/arm-buildroot-linux-gnueabi/sysroot/usr/lib/libpthread.a when searching for -lpthread
collect2: error: ld returned 1 exit status
configure:4709: $? = 1
configure: failed program was:
| /* confdefs.h */
| #define PACKAGE_NAME "gngeo"
| #define PACKAGE_TARNAME "gngeo"
| #define PACKAGE_VERSION "0.8"
| #define PACKAGE_STRING "gngeo 0.8"
| #define PACKAGE_BUGREPORT ""
| #define PACKAGE_URL ""
| #define PACKAGE "gngeo"
| #define VERSION "0.8"
| /* end confdefs.h.  */
| /* Define mmap to an innocuous variant, in case <limits.h> declares mmap.
|    For example, HP-UX 11i <limits.h> declares gettimeofday.  */
| #define mmap innocuous_mmap
| 
| /* System header to define __stub macros and hopefully few prototypes,
|     which can conflict with char mmap (); below.
|     Prefer <limits.h> to <assert.h> if __STDC__ is defined, since
|     <limits.h> exists even on freestanding compilers.  */
| 
| #ifdef __STDC__
| # include <limits.h>
| #else
| # include <assert.h>
| #endif
| 
| #undef mmap
| 
| /* Override any GCC internal prototype to avoid an error.
|    Use char because int might match the return type of a GCC
|    builtin and then its argument prototype would still apply.  */
| #ifdef __cplusplus
| extern "C"
| #endif
| char mmap ();
| /* The GNU C library defines this for functions which it implements
|     to always fail with ENOSYS.  Some functions are actually named
|     something starting with __ and the normal name is an alias.  */
| #if defined __stub_mmap || defined __stub___mmap
| choke me
| #endif
| 
| int
| main ()
| {
| return mmap ();
|   ;
|   return 0;
| }
configure:4709: result: no
configure:4886: checking how to run the C preprocessor
configure:4917: gcc -E  conftest.c
configure:4917: $? = 0
configure:4931: gcc -E  conftest.c
conftest.c:13:28: fatal error: ac_nonexistent.h: No such file or directory
compilation terminated.
configure:4931: $? = 1
configure: failed program was:
| /* confdefs.h */
| #define PACKAGE_NAME "gngeo"
| #define PACKAGE_TARNAME "gngeo"
| #define PACKAGE_VERSION "0.8"
| #define PACKAGE_STRING "gngeo 0.8"
| #define PACKAGE_BUGREPORT ""
| #define PACKAGE_URL ""
| #define PACKAGE "gngeo"
| #define VERSION "0.8"
| #define USE_CYCLONE 1
| #define USE_DRZ80 1
| /* end confdefs.h.  */
| #include <ac_nonexistent.h>
configure:4956: result: gcc -E
configure:4976: gcc -E  conftest.c
configure:4976: $? = 0
configure:4990: gcc -E  conftest.c
conftest.c:13:28: fatal error: ac_nonexistent.h: No such file or directory
compilation terminated.
configure:4990: $? = 1
configure: failed program was:
| /* confdefs.h */
| #define PACKAGE_NAME "gngeo"
| #define PACKAGE_TARNAME "gngeo"
| #define PACKAGE_VERSION "0.8"
| #define PACKAGE_STRING "gngeo 0.8"
| #define PACKAGE_BUGREPORT ""
| #define PACKAGE_URL ""
| #define PACKAGE "gngeo"
| #define VERSION "0.8"
| #define USE_CYCLONE 1
| #define USE_DRZ80 1
| /* end confdefs.h.  */
| #include <ac_nonexistent.h>
configure:5019: checking for grep that handles long lines and -e
configure:5077: result: /bin/grep
configure:5082: checking for egrep
configure:5144: result: /bin/grep -E
configure:5149: checking for ANSI C header files
configure:5169: gcc -c -I/opt/trimui-toolchain/arm-buildroot-linux-gnueabi/sysroot/usr/include -I/opt/trimui-toolchain/arm-buildroot-linux-gnueabi/sysroot/usr/include/SDL -D_GNU_SOURCE=1 -D_REENTRANT  conftest.c >&5
configure:5169: $? = 0
configure:5253: result: yes
configure:5266: checking for sys/types.h
configure:5266: gcc -c -I/opt/trimui-toolchain/arm-buildroot-linux-gnueabi/sysroot/usr/include -I/opt/trimui-toolchain/arm-buildroot-linux-gnueabi/sysroot/usr/include/SDL -D_GNU_SOURCE=1 -D_REENTRANT  conftest.c >&5
configure:5266: $? = 0
configure:5266: result: yes
configure:5266: checking for sys/stat.h
configure:5266: gcc -c -I/opt/trimui-toolchain/arm-buildroot-linux-gnueabi/sysroot/usr/include -I/opt/trimui-toolchain/arm-buildroot-linux-gnueabi/sysroot/usr/include/SDL -D_GNU_SOURCE=1 -D_REENTRANT  conftest.c >&5
configure:5266: $? = 0
configure:5266: result: yes
configure:5266: checking for stdlib.h
configure:5266: gcc -c -I/opt/trimui-toolchain/arm-buildroot-linux-gnueabi/sysroot/usr/include -I/opt/trimui-toolchain/arm-buildroot-linux-gnueabi/sysroot/usr/include/SDL -D_GNU_SOURCE=1 -D_REENTRANT  conftest.c >&5
configure:5266: $? = 0
configure:5266: result: yes
configure:5266: checking for string.h
configure:5266: gcc -c -I/opt/trimui-toolchain/arm-buildroot-linux-gnueabi/sysroot/usr/include -I/opt/trimui-toolchain/arm-buildroot-linux-gnueabi/sysroot/usr/include/SDL -D_GNU_SOURCE=1 -D_REENTRANT  conftest.c >&5
configure:5266: $? = 0
configure:5266: result: yes
configure:5266: checking for memory.h
configure:5266: gcc -c -I/opt/trimui-toolchain/arm-buildroot-linux-gnueabi/sysroot/usr/include -I/opt/trimui-toolchain/arm-buildroot-linux-gnueabi/sysroot/usr/include/SDL -D_GNU_SOURCE=1 -D_REENTRANT  conftest.c >&5
configure:5266: $? = 0
configure:5266: result: yes
configure:5266: checking for strings.h
configure:5266: gcc -c -I/opt/trimui-toolchain/arm-buildroot-linux-gnueabi/sysroot/usr/include -I/opt/trimui-toolchain/arm-buildroot-linux-gnueabi/sysroot/usr/include/SDL -D_GNU_SOURCE=1 -D_REENTRANT  conftest.c >&5
configure:5266: $? = 0
configure:5266: result: yes
configure:5266: checking for inttypes.h
configure:5266: gcc -c -I/opt/trimui-toolchain/arm-buildroot-linux-gnueabi/sysroot/usr/include -I/opt/trimui-toolchain/arm-buildroot-linux-gnueabi/sysroot/usr/include/SDL -D_GNU_SOURCE=1 -D_REENTRANT  conftest.c >&5
In file included from /opt/trimui-toolchain/arm-buildroot-linux-gnueabi/sysroot/usr/include/inttypes.h:27:0,
                 from conftest.c:54:
/opt/trimui-toolchain/arm-buildroot-linux-gnueabi/sysroot/usr/include/stdint.h:148:0: warning: "__INT64_C" redefined
 #  define __INT64_C(c) c ## LL
 ^
<built-in>: note: this is the location of the previous definition
In file included from /opt/trimui-toolchain/arm-buildroot-linux-gnueabi/sysroot/usr/include/inttypes.h:27:0,
                 from conftest.c:54:
/opt/trimui-toolchain/arm-buildroot-linux-gnueabi/sysroot/usr/include/stdint.h:149:0: warning: "__UINT64_C" redefined
 #  define __UINT64_C(c) c ## ULL
 ^
<built-in>: note: this is the location of the previous definition
configure:5266: $? = 0
configure:5266: result: yes
configure:5266: checking for stdint.h
configure:5266: gcc -c -I/opt/trimui-toolchain/arm-buildroot-linux-gnueabi/sysroot/usr/include -I/opt/trimui-toolchain/arm-buildroot-linux-gnueabi/sysroot/usr/include/SDL -D_GNU_SOURCE=1 -D_REENTRANT  conftest.c >&5
In file included from /opt/trimui-toolchain/arm-buildroot-linux-gnueabi/sysroot/usr/include/inttypes.h:27:0,
                 from conftest.c:46:
/opt/trimui-toolchain/arm-buildroot-linux-gnueabi/sysroot/usr/include/stdint.h:148:0: warning: "__INT64_C" redefined
 #  define __INT64_C(c) c ## LL
 ^
<built-in>: note: this is the location of the previous definition
In file included from /opt/trimui-toolchain/arm-buildroot-linux-gnueabi/sysroot/usr/include/inttypes.h:27:0,
                 from conftest.c:46:
/opt/trimui-toolchain/arm-buildroot-linux-gnueabi/sysroot/usr/include/stdint.h:149:0: warning: "__UINT64_C" redefined
 #  define __UINT64_C(c) c ## ULL
 ^
<built-in>: note: this is the location of the previous definition
configure:5266: $? = 0
configure:5266: result: yes
configure:5266: checking for unistd.h
configure:5266: gcc -c -I/opt/trimui-toolchain/arm-buildroot-linux-gnueabi/sysroot/usr/include -I/opt/trimui-toolchain/arm-buildroot-linux-gnueabi/sysroot/usr/include/SDL -D_GNU_SOURCE=1 -D_REENTRANT  conftest.c >&5
In file included from /opt/trimui-toolchain/arm-buildroot-linux-gnueabi/sysroot/usr/include/inttypes.h:27:0,
                 from conftest.c:47:
/opt/trimui-toolchain/arm-buildroot-linux-gnueabi/sysroot/usr/include/stdint.h:148:0: warning: "__INT64_C" redefined
 #  define __INT64_C(c) c ## LL
 ^
<built-in>: note: this is the location of the previous definition
In file included from /opt/trimui-toolchain/arm-buildroot-linux-gnueabi/sysroot/usr/include/inttypes.h:27:0,
                 from conftest.c:47:
/opt/trimui-toolchain/arm-buildroot-linux-gnueabi/sysroot/usr/include/stdint.h:149:0: warning: "__UINT64_C" redefined
 #  define __UINT64_C(c) c ## ULL
 ^
<built-in>: note: this is the location of the previous definition
configure:5266: $? = 0
configure:5266: result: yes
configure:5280: checking GL/gl.h usability
configure:5280: gcc -c -I/opt/trimui-toolchain/arm-buildroot-linux-gnueabi/sysroot/usr/include -I/opt/trimui-toolchain/arm-buildroot-linux-gnueabi/sysroot/usr/include/SDL -D_GNU_SOURCE=1 -D_REENTRANT  conftest.c >&5
In file included from /opt/trimui-toolchain/arm-buildroot-linux-gnueabi/sysroot/usr/include/inttypes.h:27:0,
                 from conftest.c:48:
/opt/trimui-toolchain/arm-buildroot-linux-gnueabi/sysroot/usr/include/stdint.h:148:0: warning: "__INT64_C" redefined
 #  define __INT64_C(c) c ## LL
 ^
<built-in>: note: this is the location of the previous definition
In file included from /opt/trimui-toolchain/arm-buildroot-linux-gnueabi/sysroot/usr/include/inttypes.h:27:0,
                 from conftest.c:48:
/opt/trimui-toolchain/arm-buildroot-linux-gnueabi/sysroot/usr/include/stdint.h:149:0: warning: "__UINT64_C" redefined
 #  define __UINT64_C(c) c ## ULL
 ^
<built-in>: note: this is the location of the previous definition
conftest.c:56:19: fatal error: GL/gl.h: No such file or directory
compilation terminated.
configure:5280: $? = 1
configure: failed program was:
| /* confdefs.h */
| #define PACKAGE_NAME "gngeo"
| #define PACKAGE_TARNAME "gngeo"
| #define PACKAGE_VERSION "0.8"
| #define PACKAGE_STRING "gngeo 0.8"
| #define PACKAGE_BUGREPORT ""
| #define PACKAGE_URL ""
| #define PACKAGE "gngeo"
| #define VERSION "0.8"
| #define USE_CYCLONE 1
| #define USE_DRZ80 1
| #define STDC_HEADERS 1
| #define HAVE_SYS_TYPES_H 1
| #define HAVE_SYS_STAT_H 1
| #define HAVE_STDLIB_H 1
| #define HAVE_STRING_H 1
| #define HAVE_MEMORY_H 1
| #define HAVE_STRINGS_H 1
| #define HAVE_INTTYPES_H 1
| #define HAVE_STDINT_H 1
| #define HAVE_UNISTD_H 1
| /* end confdefs.h.  */
| #include <stdio.h>
| #ifdef HAVE_SYS_TYPES_H
| # include <sys/types.h>
| #endif
| #ifdef HAVE_SYS_STAT_H
| # include <sys/stat.h>
| #endif
| #ifdef STDC_HEADERS
| # include <stdlib.h>
| # include <stddef.h>
| #else
| # ifdef HAVE_STDLIB_H
| #  include <stdlib.h>
| # endif
| #endif
| #ifdef HAVE_STRING_H
| # if !defined STDC_HEADERS && defined HAVE_MEMORY_H
| #  include <memory.h>
| # endif
| # include <string.h>
| #endif
| #ifdef HAVE_STRINGS_H
| # include <strings.h>
| #endif
| #ifdef HAVE_INTTYPES_H
| # include <inttypes.h>
| #endif
| #ifdef HAVE_STDINT_H
| # include <stdint.h>
| #endif
| #ifdef HAVE_UNISTD_H
| # include <unistd.h>
| #endif
| #include <GL/gl.h>
configure:5280: result: no
configure:5280: checking GL/gl.h presence
configure:5280: gcc -E  conftest.c
conftest.c:23:19: fatal error: GL/gl.h: No such file or directory
compilation terminated.
configure:5280: $? = 1
configure: failed program was:
| /* confdefs.h */
| #define PACKAGE_NAME "gngeo"
| #define PACKAGE_TARNAME "gngeo"
| #define PACKAGE_VERSION "0.8"
| #define PACKAGE_STRING "gngeo 0.8"
| #define PACKAGE_BUGREPORT ""
| #define PACKAGE_URL ""
| #define PACKAGE "gngeo"
| #define VERSION "0.8"
| #define USE_CYCLONE 1
| #define USE_DRZ80 1
| #define STDC_HEADERS 1
| #define HAVE_SYS_TYPES_H 1
| #define HAVE_SYS_STAT_H 1
| #define HAVE_STDLIB_H 1
| #define HAVE_STRING_H 1
| #define HAVE_MEMORY_H 1
| #define HAVE_STRINGS_H 1
| #define HAVE_INTTYPES_H 1
| #define HAVE_STDINT_H 1
| #define HAVE_UNISTD_H 1
| /* end confdefs.h.  */
| #include <GL/gl.h>
configure:5280: result: no
configure:5280: checking for GL/gl.h
configure:5280: result: no
configure:5379: checking for dirent.h that defines DIR
configure:5398: gcc -c -I/opt/trimui-toolchain/arm-buildroot-linux-gnueabi/sysroot/usr/include -I/opt/trimui-toolchain/arm-buildroot-linux-gnueabi/sysroot/usr/include/SDL -D_GNU_SOURCE=1 -D_REENTRANT  conftest.c >&5
configure:5398: $? = 0
configure:5406: result: yes
configure:5419: checking for library containing opendir
configure:5450: gcc -o conftest -I/opt/trimui-toolchain/arm-buildroot-linux-gnueabi/sysroot/usr/include -I/opt/trimui-toolchain/arm-buildroot-linux-gnueabi/sysroot/usr/include/SDL -D_GNU_SOURCE=1 -D_REENTRANT   conftest.c  -L/opt/trimui-toolchain/arm-buildroot-linux-gnueabi/sysroot/usr/lib -lSDL -lpthread >&5
/usr/bin/ld: skipping incompatible /opt/trimui-toolchain/arm-buildroot-linux-gnueabi/sysroot/usr/lib/libSDL.so when searching for -lSDL
/usr/bin/ld: skipping incompatible /opt/trimui-toolchain/arm-buildroot-linux-gnueabi/sysroot/usr/lib/libSDL.a when searching for -lSDL
/usr/bin/ld: cannot find -lSDL
/usr/bin/ld: skipping incompatible /opt/trimui-toolchain/arm-buildroot-linux-gnueabi/sysroot/usr/lib/libpthread.so when searching for -lpthread
/usr/bin/ld: skipping incompatible /opt/trimui-toolchain/arm-buildroot-linux-gnueabi/sysroot/usr/lib/libpthread.a when searching for -lpthread
collect2: error: ld returned 1 exit status
configure:5450: $? = 1
configure: failed program was:
| /* confdefs.h */
| #define PACKAGE_NAME "gngeo"
| #define PACKAGE_TARNAME "gngeo"
| #define PACKAGE_VERSION "0.8"
| #define PACKAGE_STRING "gngeo 0.8"
| #define PACKAGE_BUGREPORT ""
| #define PACKAGE_URL ""
| #define PACKAGE "gngeo"
| #define VERSION "0.8"
| #define USE_CYCLONE 1
| #define USE_DRZ80 1
| #define STDC_HEADERS 1
| #define HAVE_SYS_TYPES_H 1
| #define HAVE_SYS_STAT_H 1
| #define HAVE_STDLIB_H 1
| #define HAVE_STRING_H 1
| #define HAVE_MEMORY_H 1
| #define HAVE_STRINGS_H 1
| #define HAVE_INTTYPES_H 1
| #define HAVE_STDINT_H 1
| #define HAVE_UNISTD_H 1
| #define USE_GL2 1
| #define HAVE_DIRENT_H 1
| /* end confdefs.h.  */
| 
| /* Override any GCC internal prototype to avoid an error.
|    Use char because int might match the return type of a GCC
|    builtin and then its argument prototype would still apply.  */
| #ifdef __cplusplus
| extern "C"
| #endif
| char opendir ();
| int
| main ()
| {
| return opendir ();
|   ;
|   return 0;
| }
configure:5450: gcc -o conftest -I/opt/trimui-toolchain/arm-buildroot-linux-gnueabi/sysroot/usr/include -I/opt/trimui-toolchain/arm-buildroot-linux-gnueabi/sysroot/usr/include/SDL -D_GNU_SOURCE=1 -D_REENTRANT   conftest.c -ldir   -L/opt/trimui-toolchain/arm-buildroot-linux-gnueabi/sysroot/usr/lib -lSDL -lpthread >&5
/usr/bin/ld: cannot find -ldir
/usr/bin/ld: skipping incompatible /opt/trimui-toolchain/arm-buildroot-linux-gnueabi/sysroot/usr/lib/libSDL.so when searching for -lSDL
/usr/bin/ld: skipping incompatible /opt/trimui-toolchain/arm-buildroot-linux-gnueabi/sysroot/usr/lib/libSDL.a when searching for -lSDL
/usr/bin/ld: cannot find -lSDL
/usr/bin/ld: skipping incompatible /opt/trimui-toolchain/arm-buildroot-linux-gnueabi/sysroot/usr/lib/libpthread.so when searching for -lpthread
/usr/bin/ld: skipping incompatible /opt/trimui-toolchain/arm-buildroot-linux-gnueabi/sysroot/usr/lib/libpthread.a when searching for -lpthread
collect2: error: ld returned 1 exit status
configure:5450: $? = 1
configure: failed program was:
| /* confdefs.h */
| #define PACKAGE_NAME "gngeo"
| #define PACKAGE_TARNAME "gngeo"
| #define PACKAGE_VERSION "0.8"
| #define PACKAGE_STRING "gngeo 0.8"
| #define PACKAGE_BUGREPORT ""
| #define PACKAGE_URL ""
| #define PACKAGE "gngeo"
| #define VERSION "0.8"
| #define USE_CYCLONE 1
| #define USE_DRZ80 1
| #define STDC_HEADERS 1
| #define HAVE_SYS_TYPES_H 1
| #define HAVE_SYS_STAT_H 1
| #define HAVE_STDLIB_H 1
| #define HAVE_STRING_H 1
| #define HAVE_MEMORY_H 1
| #define HAVE_STRINGS_H 1
| #define HAVE_INTTYPES_H 1
| #define HAVE_STDINT_H 1
| #define HAVE_UNISTD_H 1
| #define USE_GL2 1
| #define HAVE_DIRENT_H 1
| /* end confdefs.h.  */
| 
| /* Override any GCC internal prototype to avoid an error.
|    Use char because int might match the return type of a GCC
|    builtin and then its argument prototype would still apply.  */
| #ifdef __cplusplus
| extern "C"
| #endif
| char opendir ();
| int
| main ()
| {
| return opendir ();
|   ;
|   return 0;
| }
configure:5467: result: no
configure:5534: checking for ANSI C header files
configure:5638: result: yes
configure:5649: checking errno.h usability
configure:5649: gcc -c -I/opt/trimui-toolchain/arm-buildroot-linux-gnueabi/sysroot/usr/include -I/opt/trimui-toolchain/arm-buildroot-linux-gnueabi/sysroot/usr/include/SDL -D_GNU_SOURCE=1 -D_REENTRANT  conftest.c >&5
In file included from /opt/trimui-toolchain/arm-buildroot-linux-gnueabi/sysroot/usr/include/inttypes.h:27:0,
                 from conftest.c:51:
/opt/trimui-toolchain/arm-buildroot-linux-gnueabi/sysroot/usr/include/stdint.h:148:0: warning: "__INT64_C" redefined
 #  define __INT64_C(c) c ## LL
 ^
<built-in>: note: this is the location of the previous definition
In file included from /opt/trimui-toolchain/arm-buildroot-linux-gnueabi/sysroot/usr/include/inttypes.h:27:0,
                 from conftest.c:51:
/opt/trimui-toolchain/arm-buildroot-linux-gnueabi/sysroot/usr/include/stdint.h:149:0: warning: "__UINT64_C" redefined
 #  define __UINT64_C(c) c ## ULL
 ^
<built-in>: note: this is the location of the previous definition
configure:5649: $? = 0
configure:5649: result: yes
configure:5649: checking errno.h presence
configure:5649: gcc -E  conftest.c
configure:5649: $? = 0
configure:5649: result: yes
configure:5649: checking for errno.h
configure:5649: result: yes
configure:5649: checking limits.h usability
configure:5649: gcc -c -I/opt/trimui-toolchain/arm-buildroot-linux-gnueabi/sysroot/usr/include -I/opt/trimui-toolchain/arm-buildroot-linux-gnueabi/sysroot/usr/include/SDL -D_GNU_SOURCE=1 -D_REENTRANT  conftest.c >&5
In file included from /opt/trimui-toolchain/arm-buildroot-linux-gnueabi/sysroot/usr/include/inttypes.h:27:0,
                 from conftest.c:52:
/opt/trimui-toolchain/arm-buildroot-linux-gnueabi/sysroot/usr/include/stdint.h:148:0: warning: "__INT64_C" redefined
 #  define __INT64_C(c) c ## LL
 ^
<built-in>: note: this is the location of the previous definition
In file included from /opt/trimui-toolchain/arm-buildroot-linux-gnueabi/sysroot/usr/include/inttypes.h:27:0,
                 from conftest.c:52:
/opt/trimui-toolchain/arm-buildroot-linux-gnueabi/sysroot/usr/include/stdint.h:149:0: warning: "__UINT64_C" redefined
 #  define __UINT64_C(c) c ## ULL
 ^
<built-in>: note: this is the location of the previous definition
configure:5649: $? = 0
configure:5649: result: yes
configure:5649: checking limits.h presence
configure:5649: gcc -E  conftest.c
configure:5649: $? = 0
configure:5649: result: yes
configure:5649: checking for limits.h
configure:5649: result: yes
configure:5649: checking malloc.h usability
configure:5649: gcc -c -I/opt/trimui-toolchain/arm-buildroot-linux-gnueabi/sysroot/usr/include -I/opt/trimui-toolchain/arm-buildroot-linux-gnueabi/sysroot/usr/include/SDL -D_GNU_SOURCE=1 -D_REENTRANT  conftest.c >&5
In file included from /opt/trimui-toolchain/arm-buildroot-linux-gnueabi/sysroot/usr/include/inttypes.h:27:0,
                 from conftest.c:53:
/opt/trimui-toolchain/arm-buildroot-linux-gnueabi/sysroot/usr/include/stdint.h:148:0: warning: "__INT64_C" redefined
 #  define __INT64_C(c) c ## LL
 ^
<built-in>: note: this is the location of the previous definition
In file included from /opt/trimui-toolchain/arm-buildroot-linux-gnueabi/sysroot/usr/include/inttypes.h:27:0,
                 from conftest.c:53:
/opt/trimui-toolchain/arm-buildroot-linux-gnueabi/sysroot/usr/include/stdint.h:149:0: warning: "__UINT64_C" redefined
 #  define __UINT64_C(c) c ## ULL
 ^
<built-in>: note: this is the location of the previous definition
configure:5649: $? = 0
configure:5649: result: yes
configure:5649: checking malloc.h presence
configure:5649: gcc -E  conftest.c
configure:5649: $? = 0
configure:5649: result: yes
configure:5649: checking for malloc.h
configure:5649: result: yes
configure:5649: checking stddef.h usability
configure:5649: gcc -c -I/opt/trimui-toolchain/arm-buildroot-linux-gnueabi/sysroot/usr/include -I/opt/trimui-toolchain/arm-buildroot-linux-gnueabi/sysroot/usr/include/SDL -D_GNU_SOURCE=1 -D_REENTRANT  conftest.c >&5
In file included from /opt/trimui-toolchain/arm-buildroot-linux-gnueabi/sysroot/usr/include/inttypes.h:27:0,
                 from conftest.c:54:
/opt/trimui-toolchain/arm-buildroot-linux-gnueabi/sysroot/usr/include/stdint.h:148:0: warning: "__INT64_C" redefined
 #  define __INT64_C(c) c ## LL
 ^
<built-in>: note: this is the location of the previous definition
In file included from /opt/trimui-toolchain/arm-buildroot-linux-gnueabi/sysroot/usr/include/inttypes.h:27:0,
                 from conftest.c:54:
/opt/trimui-toolchain/arm-buildroot-linux-gnueabi/sysroot/usr/include/stdint.h:149:0: warning: "__UINT64_C" redefined
 #  define __UINT64_C(c) c ## ULL
 ^
<built-in>: note: this is the location of the previous definition
configure:5649: $? = 0
configure:5649: result: yes
configure:5649: checking stddef.h presence
configure:5649: gcc -E  conftest.c
configure:5649: $? = 0
configure:5649: result: yes
configure:5649: checking for stddef.h
configure:5649: result: yes
configure:5649: checking for stdlib.h
configure:5649: result: yes
configure:5649: checking for string.h
configure:5649: result: yes
configure:5649: checking sys/time.h usability
configure:5649: gcc -c -I/opt/trimui-toolchain/arm-buildroot-linux-gnueabi/sysroot/usr/include -I/opt/trimui-toolchain/arm-buildroot-linux-gnueabi/sysroot/usr/include/SDL -D_GNU_SOURCE=1 -D_REENTRANT  conftest.c >&5
In file included from /opt/trimui-toolchain/arm-buildroot-linux-gnueabi/sysroot/usr/include/inttypes.h:27:0,
                 from conftest.c:57:
/opt/trimui-toolchain/arm-buildroot-linux-gnueabi/sysroot/usr/include/stdint.h:148:0: warning: "__INT64_C" redefined
 #  define __INT64_C(c) c ## LL
 ^
<built-in>: note: this is the location of the previous definition
In file included from /opt/trimui-toolchain/arm-buildroot-linux-gnueabi/sysroot/usr/include/inttypes.h:27:0,
                 from conftest.c:57:
/opt/trimui-toolchain/arm-buildroot-linux-gnueabi/sysroot/usr/include/stdint.h:149:0: warning: "__UINT64_C" redefined
 #  define __UINT64_C(c) c ## ULL
 ^
<built-in>: note: this is the location of the previous definition
configure:5649: $? = 0
configure:5649: result: yes
configure:5649: checking sys/time.h presence
configure:5649: gcc -E  conftest.c
configure:5649: $? = 0
configure:5649: result: yes
configure:5649: checking for sys/time.h
configure:5649: result: yes
configure:5649: checking for unistd.h
configure:5649: result: yes
configure:5661: checking for an ANSI C-conforming const
configure:5727: gcc -c -I/opt/trimui-toolchain/arm-buildroot-linux-gnueabi/sysroot/usr/include -I/opt/trimui-toolchain/arm-buildroot-linux-gnueabi/sysroot/usr/include/SDL -D_GNU_SOURCE=1 -D_REENTRANT  conftest.c >&5
configure:5727: $? = 0
configure:5734: result: yes
configure:5742: checking for inline
configure:5758: gcc -c -I/opt/trimui-toolchain/arm-buildroot-linux-gnueabi/sysroot/usr/include -I/opt/trimui-toolchain/arm-buildroot-linux-gnueabi/sysroot/usr/include/SDL -D_GNU_SOURCE=1 -D_REENTRANT  conftest.c >&5
configure:5758: $? = 0
configure:5766: result: inline
configure:5784: checking whether time.h and sys/time.h may both be included
configure:5804: gcc -c -I/opt/trimui-toolchain/arm-buildroot-linux-gnueabi/sysroot/usr/include -I/opt/trimui-toolchain/arm-buildroot-linux-gnueabi/sysroot/usr/include/SDL -D_GNU_SOURCE=1 -D_REENTRANT  conftest.c >&5
configure:5804: $? = 0
configure:5811: result: yes
configure:5819: checking whether struct tm is in sys/time.h or time.h
configure:5839: gcc -c -I/opt/trimui-toolchain/arm-buildroot-linux-gnueabi/sysroot/usr/include -I/opt/trimui-toolchain/arm-buildroot-linux-gnueabi/sysroot/usr/include/SDL -D_GNU_SOURCE=1 -D_REENTRANT  conftest.c >&5
configure:5839: $? = 0
configure:5846: result: time.h
configure:5854: checking whether byte ordering is bigendian
configure:5869: gcc -c -I/opt/trimui-toolchain/arm-buildroot-linux-gnueabi/sysroot/usr/include -I/opt/trimui-toolchain/arm-buildroot-linux-gnueabi/sysroot/usr/include/SDL -D_GNU_SOURCE=1 -D_REENTRANT  conftest.c >&5
conftest.c:36:9: error: unknown type name 'not'
         not a universal capable compiler
         ^
conftest.c:36:15: error: expected '=', ',', ';', 'asm' or '__attribute__' before 'universal'
         not a universal capable compiler
               ^
conftest.c:36:15: error: unknown type name 'universal'
configure:5869: $? = 1
configure: failed program was:
| /* confdefs.h */
| #define PACKAGE_NAME "gngeo"
| #define PACKAGE_TARNAME "gngeo"
| #define PACKAGE_VERSION "0.8"
| #define PACKAGE_STRING "gngeo 0.8"
| #define PACKAGE_BUGREPORT ""
| #define PACKAGE_URL ""
| #define PACKAGE "gngeo"
| #define VERSION "0.8"
| #define USE_CYCLONE 1
| #define USE_DRZ80 1
| #define STDC_HEADERS 1
| #define HAVE_SYS_TYPES_H 1
| #define HAVE_SYS_STAT_H 1
| #define HAVE_STDLIB_H 1
| #define HAVE_STRING_H 1
| #define HAVE_MEMORY_H 1
| #define HAVE_STRINGS_H 1
| #define HAVE_INTTYPES_H 1
| #define HAVE_STDINT_H 1
| #define HAVE_UNISTD_H 1
| #define USE_GL2 1
| #define HAVE_DIRENT_H 1
| #define STDC_HEADERS 1
| #define HAVE_ERRNO_H 1
| #define HAVE_LIMITS_H 1
| #define HAVE_MALLOC_H 1
| #define HAVE_STDDEF_H 1
| #define HAVE_STDLIB_H 1
| #define HAVE_STRING_H 1
| #define HAVE_SYS_TIME_H 1
| #define HAVE_UNISTD_H 1
| #define TIME_WITH_SYS_TIME 1
| /* end confdefs.h.  */
| #ifndef __APPLE_CC__
| 	       not a universal capable compiler
| 	     #endif
| 	     typedef int dummy;
| 
configure:5914: gcc -c -I/opt/trimui-toolchain/arm-buildroot-linux-gnueabi/sysroot/usr/include -I/opt/trimui-toolchain/arm-buildroot-linux-gnueabi/sysroot/usr/include/SDL -D_GNU_SOURCE=1 -D_REENTRANT  conftest.c >&5
configure:5914: $? = 0
configure:5932: gcc -c -I/opt/trimui-toolchain/arm-buildroot-linux-gnueabi/sysroot/usr/include -I/opt/trimui-toolchain/arm-buildroot-linux-gnueabi/sysroot/usr/include/SDL -D_GNU_SOURCE=1 -D_REENTRANT  conftest.c >&5
conftest.c: In function 'main':
conftest.c:42:4: error: unknown type name 'not'
    not big endian
    ^
conftest.c:42:12: error: expected '=', ',', ';', 'asm' or '__attribute__' before 'endian'
    not big endian
            ^
configure:5932: $? = 1
configure: failed program was:
| /* confdefs.h */
| #define PACKAGE_NAME "gngeo"
| #define PACKAGE_TARNAME "gngeo"
| #define PACKAGE_VERSION "0.8"
| #define PACKAGE_STRING "gngeo 0.8"
| #define PACKAGE_BUGREPORT ""
| #define PACKAGE_URL ""
| #define PACKAGE "gngeo"
| #define VERSION "0.8"
| #define USE_CYCLONE 1
| #define USE_DRZ80 1
| #define STDC_HEADERS 1
| #define HAVE_SYS_TYPES_H 1
| #define HAVE_SYS_STAT_H 1
| #define HAVE_STDLIB_H 1
| #define HAVE_STRING_H 1
| #define HAVE_MEMORY_H 1
| #define HAVE_STRINGS_H 1
| #define HAVE_INTTYPES_H 1
| #define HAVE_STDINT_H 1
| #define HAVE_UNISTD_H 1
| #define USE_GL2 1
| #define HAVE_DIRENT_H 1
| #define STDC_HEADERS 1
| #define HAVE_ERRNO_H 1
| #define HAVE_LIMITS_H 1
| #define HAVE_MALLOC_H 1
| #define HAVE_STDDEF_H 1
| #define HAVE_STDLIB_H 1
| #define HAVE_STRING_H 1
| #define HAVE_SYS_TIME_H 1
| #define HAVE_UNISTD_H 1
| #define TIME_WITH_SYS_TIME 1
| /* end confdefs.h.  */
| #include <sys/types.h>
| 		#include <sys/param.h>
| 
| int
| main ()
| {
| #if BYTE_ORDER != BIG_ENDIAN
| 		 not big endian
| 		#endif
| 
|   ;
|   return 0;
| }
configure:6060: result: no
configure:6082: checking for vprintf
configure:6082: gcc -o conftest -I/opt/trimui-toolchain/arm-buildroot-linux-gnueabi/sysroot/usr/include -I/opt/trimui-toolchain/arm-buildroot-linux-gnueabi/sysroot/usr/include/SDL -D_GNU_SOURCE=1 -D_REENTRANT   conftest.c  -L/opt/trimui-toolchain/arm-buildroot-linux-gnueabi/sysroot/usr/lib -lSDL -lpthread >&5
conftest.c:58:6: warning: conflicting types for built-in function 'vprintf'
 char vprintf ();
      ^
/usr/bin/ld: skipping incompatible /opt/trimui-toolchain/arm-buildroot-linux-gnueabi/sysroot/usr/lib/libSDL.so when searching for -lSDL
/usr/bin/ld: skipping incompatible /opt/trimui-toolchain/arm-buildroot-linux-gnueabi/sysroot/usr/lib/libSDL.a when searching for -lSDL
/usr/bin/ld: cannot find -lSDL
/usr/bin/ld: skipping incompatible /opt/trimui-toolchain/arm-buildroot-linux-gnueabi/sysroot/usr/lib/libpthread.so when searching for -lpthread
/usr/bin/ld: skipping incompatible /opt/trimui-toolchain/arm-buildroot-linux-gnueabi/sysroot/usr/lib/libpthread.a when searching for -lpthread
collect2: error: ld returned 1 exit status
configure:6082: $? = 1
configure: failed program was:
| /* confdefs.h */
| #define PACKAGE_NAME "gngeo"
| #define PACKAGE_TARNAME "gngeo"
| #define PACKAGE_VERSION "0.8"
| #define PACKAGE_STRING "gngeo 0.8"
| #define PACKAGE_BUGREPORT ""
| #define PACKAGE_URL ""
| #define PACKAGE "gngeo"
| #define VERSION "0.8"
| #define USE_CYCLONE 1
| #define USE_DRZ80 1
| #define STDC_HEADERS 1
| #define HAVE_SYS_TYPES_H 1
| #define HAVE_SYS_STAT_H 1
| #define HAVE_STDLIB_H 1
| #define HAVE_STRING_H 1
| #define HAVE_MEMORY_H 1
| #define HAVE_STRINGS_H 1
| #define HAVE_INTTYPES_H 1
| #define HAVE_STDINT_H 1
| #define HAVE_UNISTD_H 1
| #define USE_GL2 1
| #define HAVE_DIRENT_H 1
| #define STDC_HEADERS 1
| #define HAVE_ERRNO_H 1
| #define HAVE_LIMITS_H 1
| #define HAVE_MALLOC_H 1
| #define HAVE_STDDEF_H 1
| #define HAVE_STDLIB_H 1
| #define HAVE_STRING_H 1
| #define HAVE_SYS_TIME_H 1
| #define HAVE_UNISTD_H 1
| #define TIME_WITH_SYS_TIME 1
| /* end confdefs.h.  */
| /* Define vprintf to an innocuous variant, in case <limits.h> declares vprintf.
|    For example, HP-UX 11i <limits.h> declares gettimeofday.  */
| #define vprintf innocuous_vprintf
| 
| /* System header to define __stub macros and hopefully few prototypes,
|     which can conflict with char vprintf (); below.
|     Prefer <limits.h> to <assert.h> if __STDC__ is defined, since
|     <limits.h> exists even on freestanding compilers.  */
| 
| #ifdef __STDC__
| # include <limits.h>
| #else
| # include <assert.h>
| #endif
| 
| #undef vprintf
| 
| /* Override any GCC internal prototype to avoid an error.
|    Use char because int might match the return type of a GCC
|    builtin and then its argument prototype would still apply.  */
| #ifdef __cplusplus
| extern "C"
| #endif
| char vprintf ();
| /* The GNU C library defines this for functions which it implements
|     to always fail with ENOSYS.  Some functions are actually named
|     something starting with __ and the normal name is an alias.  */
| #if defined __stub_vprintf || defined __stub___vprintf
| choke me
| #endif
| 
| int
| main ()
| {
| return vprintf ();
|   ;
|   return 0;
| }
configure:6082: result: no
configure:6102: checking for atexit
configure:6102: gcc -o conftest -I/opt/trimui-toolchain/arm-buildroot-linux-gnueabi/sysroot/usr/include -I/opt/trimui-toolchain/arm-buildroot-linux-gnueabi/sysroot/usr/include/SDL -D_GNU_SOURCE=1 -D_REENTRANT   conftest.c  -L/opt/trimui-toolchain/arm-buildroot-linux-gnueabi/sysroot/usr/lib -lSDL -lpthread >&5
/usr/bin/ld: skipping incompatible /opt/trimui-toolchain/arm-buildroot-linux-gnueabi/sysroot/usr/lib/libSDL.so when searching for -lSDL
/usr/bin/ld: skipping incompatible /opt/trimui-toolchain/arm-buildroot-linux-gnueabi/sysroot/usr/lib/libSDL.a when searching for -lSDL
/usr/bin/ld: cannot find -lSDL
/usr/bin/ld: skipping incompatible /opt/trimui-toolchain/arm-buildroot-linux-gnueabi/sysroot/usr/lib/libpthread.so when searching for -lpthread
/usr/bin/ld: skipping incompatible /opt/trimui-toolchain/arm-buildroot-linux-gnueabi/sysroot/usr/lib/libpthread.a when searching for -lpthread
collect2: error: ld returned 1 exit status
configure:6102: $? = 1
configure: failed program was:
| /* confdefs.h */
| #define PACKAGE_NAME "gngeo"
| #define PACKAGE_TARNAME "gngeo"
| #define PACKAGE_VERSION "0.8"
| #define PACKAGE_STRING "gngeo 0.8"
| #define PACKAGE_BUGREPORT ""
| #define PACKAGE_URL ""
| #define PACKAGE "gngeo"
| #define VERSION "0.8"
| #define USE_CYCLONE 1
| #define USE_DRZ80 1
| #define STDC_HEADERS 1
| #define HAVE_SYS_TYPES_H 1
| #define HAVE_SYS_STAT_H 1
| #define HAVE_STDLIB_H 1
| #define HAVE_STRING_H 1
| #define HAVE_MEMORY_H 1
| #define HAVE_STRINGS_H 1
| #define HAVE_INTTYPES_H 1
| #define HAVE_STDINT_H 1
| #define HAVE_UNISTD_H 1
| #define USE_GL2 1
| #define HAVE_DIRENT_H 1
| #define STDC_HEADERS 1
| #define HAVE_ERRNO_H 1
| #define HAVE_LIMITS_H 1
| #define HAVE_MALLOC_H 1
| #define HAVE_STDDEF_H 1
| #define HAVE_STDLIB_H 1
| #define HAVE_STRING_H 1
| #define HAVE_SYS_TIME_H 1
| #define HAVE_UNISTD_H 1
| #define TIME_WITH_SYS_TIME 1
| /* end confdefs.h.  */
| /* Define atexit to an innocuous variant, in case <limits.h> declares atexit.
|    For example, HP-UX 11i <limits.h> declares gettimeofday.  */
| #define atexit innocuous_atexit
| 
| /* System header to define __stub macros and hopefully few prototypes,
|     which can conflict with char atexit (); below.
|     Prefer <limits.h> to <assert.h> if __STDC__ is defined, since
|     <limits.h> exists even on freestanding compilers.  */
| 
| #ifdef __STDC__
| # include <limits.h>
| #else
| # include <assert.h>
| #endif
| 
| #undef atexit
| 
| /* Override any GCC internal prototype to avoid an error.
|    Use char because int might match the return type of a GCC
|    builtin and then its argument prototype would still apply.  */
| #ifdef __cplusplus
| extern "C"
| #endif
| char atexit ();
| /* The GNU C library defines this for functions which it implements
|     to always fail with ENOSYS.  Some functions are actually named
|     something starting with __ and the normal name is an alias.  */
| #if defined __stub_atexit || defined __stub___atexit
| choke me
| #endif
| 
| int
| main ()
| {
| return atexit ();
|   ;
|   return 0;
| }
configure:6102: result: no
configure:6102: checking for floor
configure:6102: gcc -o conftest -I/opt/trimui-toolchain/arm-buildroot-linux-gnueabi/sysroot/usr/include -I/opt/trimui-toolchain/arm-buildroot-linux-gnueabi/sysroot/usr/include/SDL -D_GNU_SOURCE=1 -D_REENTRANT   conftest.c  -L/opt/trimui-toolchain/arm-buildroot-linux-gnueabi/sysroot/usr/lib -lSDL -lpthread >&5
conftest.c:58:6: warning: conflicting types for built-in function 'floor'
 char floor ();
      ^
/usr/bin/ld: skipping incompatible /opt/trimui-toolchain/arm-buildroot-linux-gnueabi/sysroot/usr/lib/libSDL.so when searching for -lSDL
/usr/bin/ld: skipping incompatible /opt/trimui-toolchain/arm-buildroot-linux-gnueabi/sysroot/usr/lib/libSDL.a when searching for -lSDL
/usr/bin/ld: cannot find -lSDL
/usr/bin/ld: skipping incompatible /opt/trimui-toolchain/arm-buildroot-linux-gnueabi/sysroot/usr/lib/libpthread.so when searching for -lpthread
/usr/bin/ld: skipping incompatible /opt/trimui-toolchain/arm-buildroot-linux-gnueabi/sysroot/usr/lib/libpthread.a when searching for -lpthread
collect2: error: ld returned 1 exit status
configure:6102: $? = 1
configure: failed program was:
| /* confdefs.h */
| #define PACKAGE_NAME "gngeo"
| #define PACKAGE_TARNAME "gngeo"
| #define PACKAGE_VERSION "0.8"
| #define PACKAGE_STRING "gngeo 0.8"
| #define PACKAGE_BUGREPORT ""
| #define PACKAGE_URL ""
| #define PACKAGE "gngeo"
| #define VERSION "0.8"
| #define USE_CYCLONE 1
| #define USE_DRZ80 1
| #define STDC_HEADERS 1
| #define HAVE_SYS_TYPES_H 1
| #define HAVE_SYS_STAT_H 1
| #define HAVE_STDLIB_H 1
| #define HAVE_STRING_H 1
| #define HAVE_MEMORY_H 1
| #define HAVE_STRINGS_H 1
| #define HAVE_INTTYPES_H 1
| #define HAVE_STDINT_H 1
| #define HAVE_UNISTD_H 1
| #define USE_GL2 1
| #define HAVE_DIRENT_H 1
| #define STDC_HEADERS 1
| #define HAVE_ERRNO_H 1
| #define HAVE_LIMITS_H 1
| #define HAVE_MALLOC_H 1
| #define HAVE_STDDEF_H 1
| #define HAVE_STDLIB_H 1
| #define HAVE_STRING_H 1
| #define HAVE_SYS_TIME_H 1
| #define HAVE_UNISTD_H 1
| #define TIME_WITH_SYS_TIME 1
| /* end confdefs.h.  */
| /* Define floor to an innocuous variant, in case <limits.h> declares floor.
|    For example, HP-UX 11i <limits.h> declares gettimeofday.  */
| #define floor innocuous_floor
| 
| /* System header to define __stub macros and hopefully few prototypes,
|     which can conflict with char floor (); below.
|     Prefer <limits.h> to <assert.h> if __STDC__ is defined, since
|     <limits.h> exists even on freestanding compilers.  */
| 
| #ifdef __STDC__
| # include <limits.h>
| #else
| # include <assert.h>
| #endif
| 
| #undef floor
| 
| /* Override any GCC internal prototype to avoid an error.
|    Use char because int might match the return type of a GCC
|    builtin and then its argument prototype would still apply.  */
| #ifdef __cplusplus
| extern "C"
| #endif
| char floor ();
| /* The GNU C library defines this for functions which it implements
|     to always fail with ENOSYS.  Some functions are actually named
|     something starting with __ and the normal name is an alias.  */
| #if defined __stub_floor || defined __stub___floor
| choke me
| #endif
| 
| int
| main ()
| {
| return floor ();
|   ;
|   return 0;
| }
configure:6102: result: no
configure:6102: checking for gettimeofday
configure:6102: gcc -o conftest -I/opt/trimui-toolchain/arm-buildroot-linux-gnueabi/sysroot/usr/include -I/opt/trimui-toolchain/arm-buildroot-linux-gnueabi/sysroot/usr/include/SDL -D_GNU_SOURCE=1 -D_REENTRANT   conftest.c  -L/opt/trimui-toolchain/arm-buildroot-linux-gnueabi/sysroot/usr/lib -lSDL -lpthread >&5
/usr/bin/ld: skipping incompatible /opt/trimui-toolchain/arm-buildroot-linux-gnueabi/sysroot/usr/lib/libSDL.so when searching for -lSDL
/usr/bin/ld: skipping incompatible /opt/trimui-toolchain/arm-buildroot-linux-gnueabi/sysroot/usr/lib/libSDL.a when searching for -lSDL
/usr/bin/ld: cannot find -lSDL
/usr/bin/ld: skipping incompatible /opt/trimui-toolchain/arm-buildroot-linux-gnueabi/sysroot/usr/lib/libpthread.so when searching for -lpthread
/usr/bin/ld: skipping incompatible /opt/trimui-toolchain/arm-buildroot-linux-gnueabi/sysroot/usr/lib/libpthread.a when searching for -lpthread
collect2: error: ld returned 1 exit status
configure:6102: $? = 1
configure: failed program was:
| /* confdefs.h */
| #define PACKAGE_NAME "gngeo"
| #define PACKAGE_TARNAME "gngeo"
| #define PACKAGE_VERSION "0.8"
| #define PACKAGE_STRING "gngeo 0.8"
| #define PACKAGE_BUGREPORT ""
| #define PACKAGE_URL ""
| #define PACKAGE "gngeo"
| #define VERSION "0.8"
| #define USE_CYCLONE 1
| #define USE_DRZ80 1
| #define STDC_HEADERS 1
| #define HAVE_SYS_TYPES_H 1
| #define HAVE_SYS_STAT_H 1
| #define HAVE_STDLIB_H 1
| #define HAVE_STRING_H 1
| #define HAVE_MEMORY_H 1
| #define HAVE_STRINGS_H 1
| #define HAVE_INTTYPES_H 1
| #define HAVE_STDINT_H 1
| #define HAVE_UNISTD_H 1
| #define USE_GL2 1
| #define HAVE_DIRENT_H 1
| #define STDC_HEADERS 1
| #define HAVE_ERRNO_H 1
| #define HAVE_LIMITS_H 1
| #define HAVE_MALLOC_H 1
| #define HAVE_STDDEF_H 1
| #define HAVE_STDLIB_H 1
| #define HAVE_STRING_H 1
| #define HAVE_SYS_TIME_H 1
| #define HAVE_UNISTD_H 1
| #define TIME_WITH_SYS_TIME 1
| /* end confdefs.h.  */
| /* Define gettimeofday to an innocuous variant, in case <limits.h> declares gettimeofday.
|    For example, HP-UX 11i <limits.h> declares gettimeofday.  */
| #define gettimeofday innocuous_gettimeofday
| 
| /* System header to define __stub macros and hopefully few prototypes,
|     which can conflict with char gettimeofday (); below.
|     Prefer <limits.h> to <assert.h> if __STDC__ is defined, since
|     <limits.h> exists even on freestanding compilers.  */
| 
| #ifdef __STDC__
| # include <limits.h>
| #else
| # include <assert.h>
| #endif
| 
| #undef gettimeofday
| 
| /* Override any GCC internal prototype to avoid an error.
|    Use char because int might match the return type of a GCC
|    builtin and then its argument prototype would still apply.  */
| #ifdef __cplusplus
| extern "C"
| #endif
| char gettimeofday ();
| /* The GNU C library defines this for functions which it implements
|     to always fail with ENOSYS.  Some functions are actually named
|     something starting with __ and the normal name is an alias.  */
| #if defined __stub_gettimeofday || defined __stub___gettimeofday
| choke me
| #endif
| 
| int
| main ()
| {
| return gettimeofday ();
|   ;
|   return 0;
| }
configure:6102: result: no
configure:6102: checking for memset
configure:6102: gcc -o conftest -I/opt/trimui-toolchain/arm-buildroot-linux-gnueabi/sysroot/usr/include -I/opt/trimui-toolchain/arm-buildroot-linux-gnueabi/sysroot/usr/include/SDL -D_GNU_SOURCE=1 -D_REENTRANT   conftest.c  -L/opt/trimui-toolchain/arm-buildroot-linux-gnueabi/sysroot/usr/lib -lSDL -lpthread >&5
conftest.c:58:6: warning: conflicting types for built-in function 'memset'
 char memset ();
      ^
/usr/bin/ld: skipping incompatible /opt/trimui-toolchain/arm-buildroot-linux-gnueabi/sysroot/usr/lib/libSDL.so when searching for -lSDL
/usr/bin/ld: skipping incompatible /opt/trimui-toolchain/arm-buildroot-linux-gnueabi/sysroot/usr/lib/libSDL.a when searching for -lSDL
/usr/bin/ld: cannot find -lSDL
/usr/bin/ld: skipping incompatible /opt/trimui-toolchain/arm-buildroot-linux-gnueabi/sysroot/usr/lib/libpthread.so when searching for -lpthread
/usr/bin/ld: skipping incompatible /opt/trimui-toolchain/arm-buildroot-linux-gnueabi/sysroot/usr/lib/libpthread.a when searching for -lpthread
collect2: error: ld returned 1 exit status
configure:6102: $? = 1
configure: failed program was:
| /* confdefs.h */
| #define PACKAGE_NAME "gngeo"
| #define PACKAGE_TARNAME "gngeo"
| #define PACKAGE_VERSION "0.8"
| #define PACKAGE_STRING "gngeo 0.8"
| #define PACKAGE_BUGREPORT ""
| #define PACKAGE_URL ""
| #define PACKAGE "gngeo"
| #define VERSION "0.8"
| #define USE_CYCLONE 1
| #define USE_DRZ80 1
| #define STDC_HEADERS 1
| #define HAVE_SYS_TYPES_H 1
| #define HAVE_SYS_STAT_H 1
| #define HAVE_STDLIB_H 1
| #define HAVE_STRING_H 1
| #define HAVE_MEMORY_H 1
| #define HAVE_STRINGS_H 1
| #define HAVE_INTTYPES_H 1
| #define HAVE_STDINT_H 1
| #define HAVE_UNISTD_H 1
| #define USE_GL2 1
| #define HAVE_DIRENT_H 1
| #define STDC_HEADERS 1
| #define HAVE_ERRNO_H 1
| #define HAVE_LIMITS_H 1
| #define HAVE_MALLOC_H 1
| #define HAVE_STDDEF_H 1
| #define HAVE_STDLIB_H 1
| #define HAVE_STRING_H 1
| #define HAVE_SYS_TIME_H 1
| #define HAVE_UNISTD_H 1
| #define TIME_WITH_SYS_TIME 1
| /* end confdefs.h.  */
| /* Define memset to an innocuous variant, in case <limits.h> declares memset.
|    For example, HP-UX 11i <limits.h> declares gettimeofday.  */
| #define memset innocuous_memset
| 
| /* System header to define __stub macros and hopefully few prototypes,
|     which can conflict with char memset (); below.
|     Prefer <limits.h> to <assert.h> if __STDC__ is defined, since
|     <limits.h> exists even on freestanding compilers.  */
| 
| #ifdef __STDC__
| # include <limits.h>
| #else
| # include <assert.h>
| #endif
| 
| #undef memset
| 
| /* Override any GCC internal prototype to avoid an error.
|    Use char because int might match the return type of a GCC
|    builtin and then its argument prototype would still apply.  */
| #ifdef __cplusplus
| extern "C"
| #endif
| char memset ();
| /* The GNU C library defines this for functions which it implements
|     to always fail with ENOSYS.  Some functions are actually named
|     something starting with __ and the normal name is an alias.  */
| #if defined __stub_memset || defined __stub___memset
| choke me
| #endif
| 
| int
| main ()
| {
| return memset ();
|   ;
|   return 0;
| }
configure:6102: result: no
configure:6102: checking for mkdir
configure:6102: gcc -o conftest -I/opt/trimui-toolchain/arm-buildroot-linux-gnueabi/sysroot/usr/include -I/opt/trimui-toolchain/arm-buildroot-linux-gnueabi/sysroot/usr/include/SDL -D_GNU_SOURCE=1 -D_REENTRANT   conftest.c  -L/opt/trimui-toolchain/arm-buildroot-linux-gnueabi/sysroot/usr/lib -lSDL -lpthread >&5
/usr/bin/ld: skipping incompatible /opt/trimui-toolchain/arm-buildroot-linux-gnueabi/sysroot/usr/lib/libSDL.so when searching for -lSDL
/usr/bin/ld: skipping incompatible /opt/trimui-toolchain/arm-buildroot-linux-gnueabi/sysroot/usr/lib/libSDL.a when searching for -lSDL
/usr/bin/ld: cannot find -lSDL
/usr/bin/ld: skipping incompatible /opt/trimui-toolchain/arm-buildroot-linux-gnueabi/sysroot/usr/lib/libpthread.so when searching for -lpthread
/usr/bin/ld: skipping incompatible /opt/trimui-toolchain/arm-buildroot-linux-gnueabi/sysroot/usr/lib/libpthread.a when searching for -lpthread
collect2: error: ld returned 1 exit status
configure:6102: $? = 1
configure: failed program was:
| /* confdefs.h */
| #define PACKAGE_NAME "gngeo"
| #define PACKAGE_TARNAME "gngeo"
| #define PACKAGE_VERSION "0.8"
| #define PACKAGE_STRING "gngeo 0.8"
| #define PACKAGE_BUGREPORT ""
| #define PACKAGE_URL ""
| #define PACKAGE "gngeo"
| #define VERSION "0.8"
| #define USE_CYCLONE 1
| #define USE_DRZ80 1
| #define STDC_HEADERS 1
| #define HAVE_SYS_TYPES_H 1
| #define HAVE_SYS_STAT_H 1
| #define HAVE_STDLIB_H 1
| #define HAVE_STRING_H 1
| #define HAVE_MEMORY_H 1
| #define HAVE_STRINGS_H 1
| #define HAVE_INTTYPES_H 1
| #define HAVE_STDINT_H 1
| #define HAVE_UNISTD_H 1
| #define USE_GL2 1
| #define HAVE_DIRENT_H 1
| #define STDC_HEADERS 1
| #define HAVE_ERRNO_H 1
| #define HAVE_LIMITS_H 1
| #define HAVE_MALLOC_H 1
| #define HAVE_STDDEF_H 1
| #define HAVE_STDLIB_H 1
| #define HAVE_STRING_H 1
| #define HAVE_SYS_TIME_H 1
| #define HAVE_UNISTD_H 1
| #define TIME_WITH_SYS_TIME 1
| /* end confdefs.h.  */
| /* Define mkdir to an innocuous variant, in case <limits.h> declares mkdir.
|    For example, HP-UX 11i <limits.h> declares gettimeofday.  */
| #define mkdir innocuous_mkdir
| 
| /* System header to define __stub macros and hopefully few prototypes,
|     which can conflict with char mkdir (); below.
|     Prefer <limits.h> to <assert.h> if __STDC__ is defined, since
|     <limits.h> exists even on freestanding compilers.  */
| 
| #ifdef __STDC__
| # include <limits.h>
| #else
| # include <assert.h>
| #endif
| 
| #undef mkdir
| 
| /* Override any GCC internal prototype to avoid an error.
|    Use char because int might match the return type of a GCC
|    builtin and then its argument prototype would still apply.  */
| #ifdef __cplusplus
| extern "C"
| #endif
| char mkdir ();
| /* The GNU C library defines this for functions which it implements
|     to always fail with ENOSYS.  Some functions are actually named
|     something starting with __ and the normal name is an alias.  */
| #if defined __stub_mkdir || defined __stub___mkdir
| choke me
| #endif
| 
| int
| main ()
| {
| return mkdir ();
|   ;
|   return 0;
| }
configure:6102: result: no
configure:6102: checking for pow
configure:6102: gcc -o conftest -I/opt/trimui-toolchain/arm-buildroot-linux-gnueabi/sysroot/usr/include -I/opt/trimui-toolchain/arm-buildroot-linux-gnueabi/sysroot/usr/include/SDL -D_GNU_SOURCE=1 -D_REENTRANT   conftest.c  -L/opt/trimui-toolchain/arm-buildroot-linux-gnueabi/sysroot/usr/lib -lSDL -lpthread >&5
conftest.c:58:6: warning: conflicting types for built-in function 'pow'
 char pow ();
      ^
/usr/bin/ld: skipping incompatible /opt/trimui-toolchain/arm-buildroot-linux-gnueabi/sysroot/usr/lib/libSDL.so when searching for -lSDL
/usr/bin/ld: skipping incompatible /opt/trimui-toolchain/arm-buildroot-linux-gnueabi/sysroot/usr/lib/libSDL.a when searching for -lSDL
/usr/bin/ld: cannot find -lSDL
/usr/bin/ld: skipping incompatible /opt/trimui-toolchain/arm-buildroot-linux-gnueabi/sysroot/usr/lib/libpthread.so when searching for -lpthread
/usr/bin/ld: skipping incompatible /opt/trimui-toolchain/arm-buildroot-linux-gnueabi/sysroot/usr/lib/libpthread.a when searching for -lpthread
collect2: error: ld returned 1 exit status
configure:6102: $? = 1
configure: failed program was:
| /* confdefs.h */
| #define PACKAGE_NAME "gngeo"
| #define PACKAGE_TARNAME "gngeo"
| #define PACKAGE_VERSION "0.8"
| #define PACKAGE_STRING "gngeo 0.8"
| #define PACKAGE_BUGREPORT ""
| #define PACKAGE_URL ""
| #define PACKAGE "gngeo"
| #define VERSION "0.8"
| #define USE_CYCLONE 1
| #define USE_DRZ80 1
| #define STDC_HEADERS 1
| #define HAVE_SYS_TYPES_H 1
| #define HAVE_SYS_STAT_H 1
| #define HAVE_STDLIB_H 1
| #define HAVE_STRING_H 1
| #define HAVE_MEMORY_H 1
| #define HAVE_STRINGS_H 1
| #define HAVE_INTTYPES_H 1
| #define HAVE_STDINT_H 1
| #define HAVE_UNISTD_H 1
| #define USE_GL2 1
| #define HAVE_DIRENT_H 1
| #define STDC_HEADERS 1
| #define HAVE_ERRNO_H 1
| #define HAVE_LIMITS_H 1
| #define HAVE_MALLOC_H 1
| #define HAVE_STDDEF_H 1
| #define HAVE_STDLIB_H 1
| #define HAVE_STRING_H 1
| #define HAVE_SYS_TIME_H 1
| #define HAVE_UNISTD_H 1
| #define TIME_WITH_SYS_TIME 1
| /* end confdefs.h.  */
| /* Define pow to an innocuous variant, in case <limits.h> declares pow.
|    For example, HP-UX 11i <limits.h> declares gettimeofday.  */
| #define pow innocuous_pow
| 
| /* System header to define __stub macros and hopefully few prototypes,
|     which can conflict with char pow (); below.
|     Prefer <limits.h> to <assert.h> if __STDC__ is defined, since
|     <limits.h> exists even on freestanding compilers.  */
| 
| #ifdef __STDC__
| # include <limits.h>
| #else
| # include <assert.h>
| #endif
| 
| #undef pow
| 
| /* Override any GCC internal prototype to avoid an error.
|    Use char because int might match the return type of a GCC
|    builtin and then its argument prototype would still apply.  */
| #ifdef __cplusplus
| extern "C"
| #endif
| char pow ();
| /* The GNU C library defines this for functions which it implements
|     to always fail with ENOSYS.  Some functions are actually named
|     something starting with __ and the normal name is an alias.  */
| #if defined __stub_pow || defined __stub___pow
| choke me
| #endif
| 
| int
| main ()
| {
| return pow ();
|   ;
|   return 0;
| }
configure:6102: result: no
configure:6102: checking for strchr
configure:6102: gcc -o conftest -I/opt/trimui-toolchain/arm-buildroot-linux-gnueabi/sysroot/usr/include -I/opt/trimui-toolchain/arm-buildroot-linux-gnueabi/sysroot/usr/include/SDL -D_GNU_SOURCE=1 -D_REENTRANT   conftest.c  -L/opt/trimui-toolchain/arm-buildroot-linux-gnueabi/sysroot/usr/lib -lSDL -lpthread >&5
conftest.c:58:6: warning: conflicting types for built-in function 'strchr'
 char strchr ();
      ^
/usr/bin/ld: skipping incompatible /opt/trimui-toolchain/arm-buildroot-linux-gnueabi/sysroot/usr/lib/libSDL.so when searching for -lSDL
/usr/bin/ld: skipping incompatible /opt/trimui-toolchain/arm-buildroot-linux-gnueabi/sysroot/usr/lib/libSDL.a when searching for -lSDL
/usr/bin/ld: cannot find -lSDL
/usr/bin/ld: skipping incompatible /opt/trimui-toolchain/arm-buildroot-linux-gnueabi/sysroot/usr/lib/libpthread.so when searching for -lpthread
/usr/bin/ld: skipping incompatible /opt/trimui-toolchain/arm-buildroot-linux-gnueabi/sysroot/usr/lib/libpthread.a when searching for -lpthread
collect2: error: ld returned 1 exit status
configure:6102: $? = 1
configure: failed program was:
| /* confdefs.h */
| #define PACKAGE_NAME "gngeo"
| #define PACKAGE_TARNAME "gngeo"
| #define PACKAGE_VERSION "0.8"
| #define PACKAGE_STRING "gngeo 0.8"
| #define PACKAGE_BUGREPORT ""
| #define PACKAGE_URL ""
| #define PACKAGE "gngeo"
| #define VERSION "0.8"
| #define USE_CYCLONE 1
| #define USE_DRZ80 1
| #define STDC_HEADERS 1
| #define HAVE_SYS_TYPES_H 1
| #define HAVE_SYS_STAT_H 1
| #define HAVE_STDLIB_H 1
| #define HAVE_STRING_H 1
| #define HAVE_MEMORY_H 1
| #define HAVE_STRINGS_H 1
| #define HAVE_INTTYPES_H 1
| #define HAVE_STDINT_H 1
| #define HAVE_UNISTD_H 1
| #define USE_GL2 1
| #define HAVE_DIRENT_H 1
| #define STDC_HEADERS 1
| #define HAVE_ERRNO_H 1
| #define HAVE_LIMITS_H 1
| #define HAVE_MALLOC_H 1
| #define HAVE_STDDEF_H 1
| #define HAVE_STDLIB_H 1
| #define HAVE_STRING_H 1
| #define HAVE_SYS_TIME_H 1
| #define HAVE_UNISTD_H 1
| #define TIME_WITH_SYS_TIME 1
| /* end confdefs.h.  */
| /* Define strchr to an innocuous variant, in case <limits.h> declares strchr.
|    For example, HP-UX 11i <limits.h> declares gettimeofday.  */
| #define strchr innocuous_strchr
| 
| /* System header to define __stub macros and hopefully few prototypes,
|     which can conflict with char strchr (); below.
|     Prefer <limits.h> to <assert.h> if __STDC__ is defined, since
|     <limits.h> exists even on freestanding compilers.  */
| 
| #ifdef __STDC__
| # include <limits.h>
| #else
| # include <assert.h>
| #endif
| 
| #undef strchr
| 
| /* Override any GCC internal prototype to avoid an error.
|    Use char because int might match the return type of a GCC
|    builtin and then its argument prototype would still apply.  */
| #ifdef __cplusplus
| extern "C"
| #endif
| char strchr ();
| /* The GNU C library defines this for functions which it implements
|     to always fail with ENOSYS.  Some functions are actually named
|     something starting with __ and the normal name is an alias.  */
| #if defined __stub_strchr || defined __stub___strchr
| choke me
| #endif
| 
| int
| main ()
| {
| return strchr ();
|   ;
|   return 0;
| }
configure:6102: result: no
configure:6102: checking for strstr
configure:6102: gcc -o conftest -I/opt/trimui-toolchain/arm-buildroot-linux-gnueabi/sysroot/usr/include -I/opt/trimui-toolchain/arm-buildroot-linux-gnueabi/sysroot/usr/include/SDL -D_GNU_SOURCE=1 -D_REENTRANT   conftest.c  -L/opt/trimui-toolchain/arm-buildroot-linux-gnueabi/sysroot/usr/lib -lSDL -lpthread >&5
conftest.c:58:6: warning: conflicting types for built-in function 'strstr'
 char strstr ();
      ^
/usr/bin/ld: skipping incompatible /opt/trimui-toolchain/arm-buildroot-linux-gnueabi/sysroot/usr/lib/libSDL.so when searching for -lSDL
/usr/bin/ld: skipping incompatible /opt/trimui-toolchain/arm-buildroot-linux-gnueabi/sysroot/usr/lib/libSDL.a when searching for -lSDL
/usr/bin/ld: cannot find -lSDL
/usr/bin/ld: skipping incompatible /opt/trimui-toolchain/arm-buildroot-linux-gnueabi/sysroot/usr/lib/libpthread.so when searching for -lpthread
/usr/bin/ld: skipping incompatible /opt/trimui-toolchain/arm-buildroot-linux-gnueabi/sysroot/usr/lib/libpthread.a when searching for -lpthread
collect2: error: ld returned 1 exit status
configure:6102: $? = 1
configure: failed program was:
| /* confdefs.h */
| #define PACKAGE_NAME "gngeo"
| #define PACKAGE_TARNAME "gngeo"
| #define PACKAGE_VERSION "0.8"
| #define PACKAGE_STRING "gngeo 0.8"
| #define PACKAGE_BUGREPORT ""
| #define PACKAGE_URL ""
| #define PACKAGE "gngeo"
| #define VERSION "0.8"
| #define USE_CYCLONE 1
| #define USE_DRZ80 1
| #define STDC_HEADERS 1
| #define HAVE_SYS_TYPES_H 1
| #define HAVE_SYS_STAT_H 1
| #define HAVE_STDLIB_H 1
| #define HAVE_STRING_H 1
| #define HAVE_MEMORY_H 1
| #define HAVE_STRINGS_H 1
| #define HAVE_INTTYPES_H 1
| #define HAVE_STDINT_H 1
| #define HAVE_UNISTD_H 1
| #define USE_GL2 1
| #define HAVE_DIRENT_H 1
| #define STDC_HEADERS 1
| #define HAVE_ERRNO_H 1
| #define HAVE_LIMITS_H 1
| #define HAVE_MALLOC_H 1
| #define HAVE_STDDEF_H 1
| #define HAVE_STDLIB_H 1
| #define HAVE_STRING_H 1
| #define HAVE_SYS_TIME_H 1
| #define HAVE_UNISTD_H 1
| #define TIME_WITH_SYS_TIME 1
| /* end confdefs.h.  */
| /* Define strstr to an innocuous variant, in case <limits.h> declares strstr.
|    For example, HP-UX 11i <limits.h> declares gettimeofday.  */
| #define strstr innocuous_strstr
| 
| /* System header to define __stub macros and hopefully few prototypes,
|     which can conflict with char strstr (); below.
|     Prefer <limits.h> to <assert.h> if __STDC__ is defined, since
|     <limits.h> exists even on freestanding compilers.  */
| 
| #ifdef __STDC__
| # include <limits.h>
| #else
| # include <assert.h>
| #endif
| 
| #undef strstr
| 
| /* Override any GCC internal prototype to avoid an error.
|    Use char because int might match the return type of a GCC
|    builtin and then its argument prototype would still apply.  */
| #ifdef __cplusplus
| extern "C"
| #endif
| char strstr ();
| /* The GNU C library defines this for functions which it implements
|     to always fail with ENOSYS.  Some functions are actually named
|     something starting with __ and the normal name is an alias.  */
| #if defined __stub_strstr || defined __stub___strstr
| choke me
| #endif
| 
| int
| main ()
| {
| return strstr ();
|   ;
|   return 0;
| }
configure:6102: result: no
configure:6102: checking for strtoul
configure:6102: gcc -o conftest -I/opt/trimui-toolchain/arm-buildroot-linux-gnueabi/sysroot/usr/include -I/opt/trimui-toolchain/arm-buildroot-linux-gnueabi/sysroot/usr/include/SDL -D_GNU_SOURCE=1 -D_REENTRANT   conftest.c  -L/opt/trimui-toolchain/arm-buildroot-linux-gnueabi/sysroot/usr/lib -lSDL -lpthread >&5
/usr/bin/ld: skipping incompatible /opt/trimui-toolchain/arm-buildroot-linux-gnueabi/sysroot/usr/lib/libSDL.so when searching for -lSDL
/usr/bin/ld: skipping incompatible /opt/trimui-toolchain/arm-buildroot-linux-gnueabi/sysroot/usr/lib/libSDL.a when searching for -lSDL
/usr/bin/ld: cannot find -lSDL
/usr/bin/ld: skipping incompatible /opt/trimui-toolchain/arm-buildroot-linux-gnueabi/sysroot/usr/lib/libpthread.so when searching for -lpthread
/usr/bin/ld: skipping incompatible /opt/trimui-toolchain/arm-buildroot-linux-gnueabi/sysroot/usr/lib/libpthread.a when searching for -lpthread
collect2: error: ld returned 1 exit status
configure:6102: $? = 1
configure: failed program was:
| /* confdefs.h */
| #define PACKAGE_NAME "gngeo"
| #define PACKAGE_TARNAME "gngeo"
| #define PACKAGE_VERSION "0.8"
| #define PACKAGE_STRING "gngeo 0.8"
| #define PACKAGE_BUGREPORT ""
| #define PACKAGE_URL ""
| #define PACKAGE "gngeo"
| #define VERSION "0.8"
| #define USE_CYCLONE 1
| #define USE_DRZ80 1
| #define STDC_HEADERS 1
| #define HAVE_SYS_TYPES_H 1
| #define HAVE_SYS_STAT_H 1
| #define HAVE_STDLIB_H 1
| #define HAVE_STRING_H 1
| #define HAVE_MEMORY_H 1
| #define HAVE_STRINGS_H 1
| #define HAVE_INTTYPES_H 1
| #define HAVE_STDINT_H 1
| #define HAVE_UNISTD_H 1
| #define USE_GL2 1
| #define HAVE_DIRENT_H 1
| #define STDC_HEADERS 1
| #define HAVE_ERRNO_H 1
| #define HAVE_LIMITS_H 1
| #define HAVE_MALLOC_H 1
| #define HAVE_STDDEF_H 1
| #define HAVE_STDLIB_H 1
| #define HAVE_STRING_H 1
| #define HAVE_SYS_TIME_H 1
| #define HAVE_UNISTD_H 1
| #define TIME_WITH_SYS_TIME 1
| /* end confdefs.h.  */
| /* Define strtoul to an innocuous variant, in case <limits.h> declares strtoul.
|    For example, HP-UX 11i <limits.h> declares gettimeofday.  */
| #define strtoul innocuous_strtoul
| 
| /* System header to define __stub macros and hopefully few prototypes,
|     which can conflict with char strtoul (); below.
|     Prefer <limits.h> to <assert.h> if __STDC__ is defined, since
|     <limits.h> exists even on freestanding compilers.  */
| 
| #ifdef __STDC__
| # include <limits.h>
| #else
| # include <assert.h>
| #endif
| 
| #undef strtoul
| 
| /* Override any GCC internal prototype to avoid an error.
|    Use char because int might match the return type of a GCC
|    builtin and then its argument prototype would still apply.  */
| #ifdef __cplusplus
| extern "C"
| #endif
| char strtoul ();
| /* The GNU C library defines this for functions which it implements
|     to always fail with ENOSYS.  Some functions are actually named
|     something starting with __ and the normal name is an alias.  */
| #if defined __stub_strtoul || defined __stub___strtoul
| choke me
| #endif
| 
| int
| main ()
| {
| return strtoul ();
|   ;
|   return 0;
| }
configure:6102: result: no
configure:6153: result: Turning on arm processor optimisations
configure:6369: creating ./config.status

## ---------------------- ##
## Running config.status. ##
## ---------------------- ##

This file was extended by gngeo config.status 0.8, which was
generated by GNU Autoconf 2.69.  Invocation command line was

  CONFIG_FILES    = 
  CONFIG_HEADERS  = 
  CONFIG_LINKS    = 
  CONFIG_COMMANDS = 
  $ ./config.status 

on 9184682e46d7

config.status:928: creating Makefile
config.status:928: creating gngeo.dat/Makefile
config.status:928: creating pnd/Makefile
config.status:928: creating src/Makefile
config.status:928: creating src/raze/Makefile
config.status:928: creating src/star/Makefile
config.status:928: creating src/mamez80/Makefile
config.status:928: creating src/generator68k/Makefile
config.status:928: creating src/cyclone/Makefile
config.status:928: creating src/drz80/Makefile
config.status:928: creating src/effect/Makefile
config.status:928: creating src/blitter/Makefile
config.status:928: creating src/ym2610/Makefile
config.status:928: creating config.h
config.status:1109: config.h is unchanged
config.status:1157: executing depfiles commands

## ---------------- ##
## Cache variables. ##
## ---------------- ##

ac_cv_build=i686-pc-linux-gnu
ac_cv_c_bigendian=no
ac_cv_c_compiler_gnu=yes
ac_cv_c_const=yes
ac_cv_c_inline=inline
ac_cv_env_CCASFLAGS_set=
ac_cv_env_CCASFLAGS_value=
ac_cv_env_CCAS_set=
ac_cv_env_CCAS_value=
ac_cv_env_CC_set=
ac_cv_env_CC_value=
ac_cv_env_CFLAGS_set=set
ac_cv_env_CFLAGS_value=-I/opt/trimui-toolchain/arm-buildroot-linux-gnueabi/sysroot/usr/include
ac_cv_env_CPPFLAGS_set=
ac_cv_env_CPPFLAGS_value=
ac_cv_env_CPP_set=
ac_cv_env_CPP_value=
ac_cv_env_LDFLAGS_set=
ac_cv_env_LDFLAGS_value=
ac_cv_env_LIBS_set=
ac_cv_env_LIBS_value=
ac_cv_env_build_alias_set=set
ac_cv_env_build_alias_value=i686-pc-linux-gnu
ac_cv_env_host_alias_set=set
ac_cv_env_host_alias_value=arm
ac_cv_env_target_alias_set=
ac_cv_env_target_alias_value=
ac_cv_func_atexit=no
ac_cv_func_basename=no
ac_cv_func_floor=no
ac_cv_func_getopt_long=no
ac_cv_func_gettimeofday=no
ac_cv_func_memset=no
ac_cv_func_mkdir=no
ac_cv_func_mmap=no
ac_cv_func_pow=no
ac_cv_func_scandir=no
ac_cv_func_strchr=no
ac_cv_func_strstr=no
ac_cv_func_strtoul=no
ac_cv_func_vprintf=no
ac_cv_header_GL_gl_h=no
ac_cv_header_dirent_dirent_h=yes
ac_cv_header_errno_h=yes
ac_cv_header_inttypes_h=yes
ac_cv_header_limits_h=yes
ac_cv_header_malloc_h=yes
ac_cv_header_memory_h=yes
ac_cv_header_stdc=yes
ac_cv_header_stddef_h=yes
ac_cv_header_stdint_h=yes
ac_cv_header_stdlib_h=yes
ac_cv_header_string_h=yes
ac_cv_header_strings_h=yes
ac_cv_header_sys_stat_h=yes
ac_cv_header_sys_time_h=yes
ac_cv_header_sys_types_h=yes
ac_cv_header_time=yes
ac_cv_header_unistd_h=yes
ac_cv_host=arm-unknown-none
ac_cv_lib_m_acos=no
ac_cv_lib_z_inflate=no
ac_cv_objext=o
ac_cv_path_EGREP='/bin/grep -E'
ac_cv_path_GREP=/bin/grep
ac_cv_path_SDL_CONFIG=/opt/trimui-toolchain/arm-buildroot-linux-gnueabi/sysroot/usr/bin/sdl-config
ac_cv_path_install='/usr/bin/install -c'
ac_cv_path_mkdir=/bin/mkdir
ac_cv_prog_AWK=mawk
ac_cv_prog_CPP='gcc -E'
ac_cv_prog_ac_ct_CC=gcc
ac_cv_prog_ac_ct_RANLIB=ranlib
ac_cv_prog_ac_ct_STRIP=strip
ac_cv_prog_cc_c89=
ac_cv_prog_cc_g=yes
ac_cv_prog_make_make_set=yes
ac_cv_search_opendir=no
ac_cv_struct_tm=time.h
ac_cv_target=arm-unknown-none
am_cv_CCAS_dependencies_compiler_type=gcc3
am_cv_CC_dependencies_compiler_type=gcc3
am_cv_make_support_nested_variables=yes

## ----------------- ##
## Output variables. ##
## ----------------- ##

ACLOCAL='${SHELL} /home/trimui/workspace/gngeo/missing --run aclocal-1.11'
AMDEPBACKSLASH='\'
AMDEP_FALSE='#'
AMDEP_TRUE=''
AMTAR='$${TAR-tar}'
AM_BACKSLASH='\'
AM_DEFAULT_V='$(AM_DEFAULT_VERBOSITY)'
AM_DEFAULT_VERBOSITY='1'
AM_V='$(V)'
AUTOCONF='${SHELL} /home/trimui/workspace/gngeo/missing --run autoconf'
AUTOHEADER='${SHELL} /home/trimui/workspace/gngeo/missing --run autoheader'
AUTOMAKE='${SHELL} /home/trimui/workspace/gngeo/missing --run automake-1.11'
AWK='mawk'
CC='gcc'
CCAS='gcc'
CCASDEPMODE='depmode=gcc3'
CCASFLAGS='-I/opt/trimui-toolchain/arm-buildroot-linux-gnueabi/sysroot/usr/include'
CCDEPMODE='depmode=gcc3'
CC_FOR_BUILD='gcc'
CFLAGS='-I/opt/trimui-toolchain/arm-buildroot-linux-gnueabi/sysroot/usr/include -I/opt/trimui-toolchain/arm-buildroot-linux-gnueabi/sysroot/usr/include/SDL -D_GNU_SOURCE=1 -D_REENTRANT -O3 -Wall -ftracer -fstrength-reduce -Wno-unused -funroll-loops                     -fomit-frame-pointer -fstrict-aliasing -ffast-math 	   	    '
CPP='gcc -E'
CPPFLAGS=''
CYGPATH_W='echo'
DEFS='-DHAVE_CONFIG_H'
DEPDIR='.deps'
ECHO_C=''
ECHO_N='-n'
ECHO_T=''
EGREP='/bin/grep -E'
EXEEXT=''
GREP='/bin/grep'
HAVE_NASM_FALSE=''
HAVE_NASM_TRUE='#'
INSTALL_DATA='${INSTALL} -m 644'
INSTALL_PROGRAM='${INSTALL}'
INSTALL_SCRIPT='${INSTALL}'
INSTALL_STRIP_PROGRAM='$(install_sh) -c -s'
LDFLAGS=''
LIBOBJS=' ${LIBOBJDIR}getopt$U.o ${LIBOBJDIR}getopt1$U.o'
LIBS=' -L/opt/trimui-toolchain/arm-buildroot-linux-gnueabi/sysroot/usr/lib -lSDL -lpthread'
LTLIBOBJS=' ${LIBOBJDIR}getopt$U.lo ${LIBOBJDIR}getopt1$U.lo'
MAKEINFO='${SHELL} /home/trimui/workspace/gngeo/missing --run makeinfo'
MKDIR_P='/bin/mkdir -p'
OBJEXT='o'
PACKAGE='gngeo'
PACKAGE_BUGREPORT=''
PACKAGE_NAME='gngeo'
PACKAGE_STRING='gngeo 0.8'
PACKAGE_TARNAME='gngeo'
PACKAGE_URL=''
PACKAGE_VERSION='0.8'
PATH_SEPARATOR=':'
PROCESSOR_ARM_FALSE='#'
PROCESSOR_ARM_TRUE=''
RANLIB='ranlib'
SDL_CFLAGS='-I/opt/trimui-toolchain/arm-buildroot-linux-gnueabi/sysroot/usr/include/SDL -D_GNU_SOURCE=1 -D_REENTRANT'
SDL_CONFIG='/opt/trimui-toolchain/arm-buildroot-linux-gnueabi/sysroot/usr/bin/sdl-config'
SDL_LIBS='-L/opt/trimui-toolchain/arm-buildroot-linux-gnueabi/sysroot/usr/lib -lSDL -lpthread'
SET_MAKE=''
SHELL='/bin/bash'
STRIP='strip'
USE_CYCLONE_FALSE='#'
USE_CYCLONE_TRUE=''
USE_DRZ80_FALSE='#'
USE_DRZ80_TRUE=''
USE_GENERATOR68K_FALSE=''
USE_GENERATOR68K_TRUE='#'
USE_GP2X_FALSE=''
USE_GP2X_TRUE='#'
USE_GUI_FALSE=''
USE_GUI_TRUE='#'
USE_MAMEZ80_FALSE=''
USE_MAMEZ80_TRUE='#'
USE_RAZE_FALSE=''
USE_RAZE_TRUE='#'
USE_STARSCREAM_FALSE=''
USE_STARSCREAM_TRUE='#'
USE_WIZ_FALSE=''
USE_WIZ_TRUE='#'
VERSION='0.8'
ac_ct_CC='gcc'
am__EXEEXT_FALSE=''
am__EXEEXT_TRUE='#'
am__fastdepCCAS_FALSE='#'
am__fastdepCCAS_TRUE=''
am__fastdepCC_FALSE='#'
am__fastdepCC_TRUE=''
am__include='include'
am__isrc=''
am__leading_dot='.'
am__nodep='_no'
am__quote=''
am__tar='$${TAR-tar} chof - "$$tardir"'
am__untar='$${TAR-tar} xf -'
bindir='${exec_prefix}/bin'
build='i686-pc-linux-gnu'
build_alias='i686-pc-linux-gnu'
build_cpu='i686'
build_os='linux-gnu'
build_vendor='pc'
datadir='${datarootdir}'
datarootdir='${prefix}/share'
docdir='${datarootdir}/doc/${PACKAGE_TARNAME}'
dvidir='${docdir}'
exec_prefix='${prefix}'
have_nasm=''
host='arm-unknown-none'
host_alias='arm'
host_cpu='arm'
host_os='none'
host_vendor='unknown'
htmldir='${docdir}'
includedir='${prefix}/include'
infodir='${datarootdir}/info'
install_sh='${SHELL} /home/trimui/workspace/gngeo/install-sh'
libdir='${exec_prefix}/lib'
libexecdir='${exec_prefix}/libexec'
localedir='${datarootdir}/locale'
localstatedir='${prefix}/var'
mandir='${datarootdir}/man'
mkdir_p='/bin/mkdir -p'
oldincludedir='/usr/include'
pdfdir='${docdir}'
prefix='/usr/local'
program_transform_name='s,x,x,'
psdir='${docdir}'
runstatedir='${localstatedir}/run'
sbindir='${exec_prefix}/sbin'
sharedstatedir='${prefix}/com'
sysconfdir='${prefix}/etc'
target='arm-unknown-none'
target_alias=''
target_cpu='arm'
target_os='none'
target_vendor='unknown'

## ----------- ##
## confdefs.h. ##
## ----------- ##

/* confdefs.h */
#define PACKAGE_NAME "gngeo"
#define PACKAGE_TARNAME "gngeo"
#define PACKAGE_VERSION "0.8"
#define PACKAGE_STRING "gngeo 0.8"
#define PACKAGE_BUGREPORT ""
#define PACKAGE_URL ""
#define PACKAGE "gngeo"
#define VERSION "0.8"
#define USE_CYCLONE 1
#define USE_DRZ80 1
#define STDC_HEADERS 1
#define HAVE_SYS_TYPES_H 1
#define HAVE_SYS_STAT_H 1
#define HAVE_STDLIB_H 1
#define HAVE_STRING_H 1
#define HAVE_MEMORY_H 1
#define HAVE_STRINGS_H 1
#define HAVE_INTTYPES_H 1
#define HAVE_STDINT_H 1
#define HAVE_UNISTD_H 1
#define USE_GL2 1
#define HAVE_DIRENT_H 1
#define STDC_HEADERS 1
#define HAVE_ERRNO_H 1
#define HAVE_LIMITS_H 1
#define HAVE_MALLOC_H 1
#define HAVE_STDDEF_H 1
#define HAVE_STDLIB_H 1
#define HAVE_STRING_H 1
#define HAVE_SYS_TIME_H 1
#define HAVE_UNISTD_H 1
#define TIME_WITH_SYS_TIME 1
#define PROCESSOR_ARM 1
#define ALIGNLONGS ALIGNLONGS

configure: exit 0
